#
# There is insufficient memory for the Java Runtime Environment to continue.
# Native memory allocation (malloc) failed to allocate 1305136 bytes for Chunk::new
# Possible reasons:
#   The system is out of physical RAM or swap space
#   The process is running with CompressedOops enabled, and the Java Heap may be blocking the growth of the native heap
# Possible solutions:
#   Reduce memory load on the system
#   Increase physical memory or swap space
#   Check if swap backing store is full
#   Decrease Java heap size (-Xmx/-Xms)
#   Decrease number of Java threads
#   Decrease Java thread stack sizes (-Xss)
#   Set larger code cache with -XX:ReservedCodeCacheSize=
#   JVM is running with Unscaled Compressed Oops mode in which the Java heap is
#     placed in the first 4GB address space. The Java Heap base address is the
#     maximum limit for the native heap growth. Please use -XX:HeapBaseMinAddress
#     to set the Java Heap base and to place the Java Heap above 4GB virtual address.
# This output file may be truncated or incomplete.
#
#  Out of Memory Error (arena.cpp:197), pid=4120, tid=18004
#
# JRE version: OpenJDK Runtime Environment Microsoft-8035250 (11.0.20+8) (build 11.0.20+8-LTS)
# Java VM: OpenJDK 64-Bit Server VM Microsoft-8035250 (11.0.20+8-LTS, mixed mode, tiered, compressed oops, g1 gc, windows-amd64)
# No core dump will be written. Minidumps are not enabled by default on client versions of Windows
#

---------------  S U M M A R Y ------------

Command Line: -XX:MaxMetaspaceSize=512m --add-opens=java.base/java.util=ALL-UNNAMED --add-opens=java.base/java.lang=ALL-UNNAMED --add-opens=java.base/java.lang.invoke=ALL-UNNAMED --add-opens=java.prefs/java.util.prefs=ALL-UNNAMED --add-opens=java.base/java.nio.charset=ALL-UNNAMED --add-opens=java.base/java.net=ALL-UNNAMED --add-opens=java.base/java.util.concurrent.atomic=ALL-UNNAMED -Xmx2048m -Dfile.encoding=utf8 -Duser.country=CA -Duser.language=en -Duser.variant org.gradle.launcher.daemon.bootstrap.GradleDaemon 8.0.1

Host: Intel(R) Core(TM) i5-10210U CPU @ 1.60GHz, 8 cores, 7G,  Windows 11 , 64 bit Build 22621 (10.0.22621.2428)
Time: Wed Nov  8 23:45:09 2023 Mountain Standard Time elapsed time: 276.720701 seconds (0d 0h 4m 36s)

---------------  T H R E A D  ---------------

Current thread (0x000002a27f075800):  JavaThread "C2 CompilerThread0" daemon [_thread_in_native, id=18004, stack(0x000000c753000000,0x000000c753100000)]


Current CompileTask:
C2: 276720 10199       4       java.util.jar.JarFile::getManifestFromReference (151 bytes)

Stack: [0x000000c753000000,0x000000c753100000]
Native frames: (J=compiled Java code, j=interpreted, Vv=VM code, C=native code)
V  [jvm.dll+0x62e9da]
V  [jvm.dll+0x7bc4e9]
V  [jvm.dll+0x7bdbd8]
V  [jvm.dll+0x7be2b3]
V  [jvm.dll+0x2505a8]
V  [jvm.dll+0xc263c]
V  [jvm.dll+0xc2bfc]
V  [jvm.dll+0x35fd82]
V  [jvm.dll+0x32bf13]
V  [jvm.dll+0x32b24a]
V  [jvm.dll+0x2097e3]
V  [jvm.dll+0x20893d]
V  [jvm.dll+0x18a7de]
V  [jvm.dll+0x2181ec]
V  [jvm.dll+0x21642b]
V  [jvm.dll+0x77efc0]
V  [jvm.dll+0x777db4]
V  [jvm.dll+0x62d845]
C  [ucrtbase.dll+0x29363]
C  [KERNEL32.DLL+0x1257d]
C  [ntdll.dll+0x5aa78]


---------------  P R O C E S S  ---------------

Threads class SMR info:
_java_thread_list=0x000002a2204e86e0, length=131, elements={
0x000002a27b609800, 0x000002a27f067800, 0x000002a27f05d000, 0x000002a27f070000,
0x000002a27f071800, 0x000002a27f072800, 0x000002a27f075800, 0x000002a27f077000,
0x000002a27f07f800, 0x000002a27fb31800, 0x000002a21ce6e800, 0x000002a21d0af000,
0x000002a21c9fc000, 0x000002a21d0a4800, 0x000002a27fb7c800, 0x000002a21be82800,
0x000002a21c6f8800, 0x000002a27fcfd000, 0x000002a21cc84000, 0x000002a21c9dd800,
0x000002a21c9de800, 0x000002a21c9e0000, 0x000002a21c9dc800, 0x000002a21c9e1000,
0x000002a21c9e1800, 0x000002a21c9df000, 0x000002a21c9dc000, 0x000002a21c9e2800,
0x000002a21e033800, 0x000002a21e037800, 0x000002a21e036800, 0x000002a21e035000,
0x000002a21e03a000, 0x000002a21e034000, 0x000002a21f223000, 0x000002a21f224800,
0x000002a21f226800, 0x000002a21f225800, 0x000002a21f221800, 0x000002a21f228000,
0x000002a21f227000, 0x000002a21f222000, 0x000002a21f22d800, 0x000002a21f22e800,
0x000002a21f229000, 0x000002a21f229800, 0x000002a21f22d000, 0x000002a21f22c000,
0x000002a21f22a800, 0x000002a21f22f800, 0x000002a21f230000, 0x000002a21f22b000,
0x000002a21caab800, 0x000002a21caae800, 0x000002a21caaf800, 0x000002a21caad000,
0x000002a21cab0000, 0x000002a21cab1000, 0x000002a21cab2000, 0x000002a21caac000,
0x000002a21cab3800, 0x000002a21cab2800, 0x000002a21caae000, 0x000002a21cab4800,
0x000002a21cab8800, 0x000002a21caba000, 0x000002a21cab5000, 0x000002a21cab6800,
0x000002a21cab6000, 0x000002a21cab9000, 0x000002a21f897000, 0x000002a21f89d000,
0x000002a21f89d800, 0x000002a21f89a800, 0x000002a21f89b800, 0x000002a21f89c000,
0x000002a21f898000, 0x000002a21f899800, 0x000002a21f89e800, 0x000002a21f899000,
0x000002a21f8a3800, 0x000002a21f89f800, 0x000002a21f8a0000, 0x000002a21f8a4800,
0x000002a21f8a2000, 0x000002a21f8a5000, 0x000002a21f8a6000, 0x000002a21f8a1000,
0x000002a21f8a2800, 0x000002a21de71000, 0x000002a21de6f800, 0x000002a21de72000,
0x000002a21de6e000, 0x000002a21de6c800, 0x000002a21de6e800, 0x000002a21de70800,
0x000002a21de73000, 0x000002a21de6d000, 0x000002a21de77000, 0x000002a21de79800,
0x000002a21de77800, 0x000002a21de76000, 0x000002a21de75000, 0x000002a21de78800,
0x000002a21de73800, 0x000002a21de7a000, 0x000002a21de74800, 0x000002a21de7b000,
0x000002a223c18800, 0x000002a223c1b800, 0x000002a223c1a000, 0x000002a223c17000,
0x000002a223c1c800, 0x000002a223c19000, 0x000002a223c1b000, 0x000002a223c17800,
0x000002a223c1e000, 0x000002a223c23000, 0x000002a223c20800, 0x000002a223c1d800,
0x000002a223c24000, 0x000002a223c1f000, 0x000002a223c22000, 0x000002a223c24800,
0x000002a223c25800, 0x000002a223c20000, 0x000002a223c21800, 0x000002a21d573800,
0x000002a21d572800, 0x000002a21d574800, 0x000002a21d575000
}

Java Threads: ( => current thread )
  0x000002a27b609800 JavaThread "main" [_thread_blocked, id=24436, stack(0x000000c752400000,0x000000c752500000)]
  0x000002a27f067800 JavaThread "Reference Handler" daemon [_thread_blocked, id=2680, stack(0x000000c752b00000,0x000000c752c00000)]
  0x000002a27f05d000 JavaThread "Finalizer" daemon [_thread_blocked, id=3408, stack(0x000000c752c00000,0x000000c752d00000)]
  0x000002a27f070000 JavaThread "Signal Dispatcher" daemon [_thread_blocked, id=11052, stack(0x000000c752d00000,0x000000c752e00000)]
  0x000002a27f071800 JavaThread "Attach Listener" daemon [_thread_blocked, id=2068, stack(0x000000c752e00000,0x000000c752f00000)]
  0x000002a27f072800 JavaThread "Service Thread" daemon [_thread_blocked, id=6388, stack(0x000000c752f00000,0x000000c753000000)]
=>0x000002a27f075800 JavaThread "C2 CompilerThread0" daemon [_thread_in_native, id=18004, stack(0x000000c753000000,0x000000c753100000)]
  0x000002a27f077000 JavaThread "C1 CompilerThread0" daemon [_thread_blocked, id=2952, stack(0x000000c753100000,0x000000c753200000)]
  0x000002a27f07f800 JavaThread "Sweeper thread" daemon [_thread_blocked, id=10872, stack(0x000000c753200000,0x000000c753300000)]
  0x000002a27fb31800 JavaThread "Common-Cleaner" daemon [_thread_blocked, id=2968, stack(0x000000c753300000,0x000000c753400000)]
  0x000002a21ce6e800 JavaThread "Daemon health stats" [_thread_blocked, id=12404, stack(0x000000c753700000,0x000000c753800000)]
  0x000002a21d0af000 JavaThread "Incoming local TCP Connector on port 50922" [_thread_in_native, id=21500, stack(0x000000c753800000,0x000000c753900000)]
  0x000002a21c9fc000 JavaThread "Daemon periodic checks" [_thread_blocked, id=8384, stack(0x000000c753900000,0x000000c753a00000)]
  0x000002a21d0a4800 JavaThread "Daemon" [_thread_blocked, id=3220, stack(0x000000c753a00000,0x000000c753b00000)]
  0x000002a27fb7c800 JavaThread "Handler for socket connection from /127.0.0.1:50922 to /127.0.0.1:50923" [_thread_in_native, id=7336, stack(0x000000c753b00000,0x000000c753c00000)]
  0x000002a21be82800 JavaThread "Cancel handler" [_thread_blocked, id=23348, stack(0x000000c753c00000,0x000000c753d00000)]
  0x000002a21c6f8800 JavaThread "Daemon worker" [_thread_in_vm, id=2844, stack(0x000000c753d00000,0x000000c753e00000)]
  0x000002a27fcfd000 JavaThread "Asynchronous log dispatcher for DefaultDaemonConnection: socket connection from /127.0.0.1:50922 to /127.0.0.1:50923" [_thread_blocked, id=4764, stack(0x000000c753e00000,0x000000c753f00000)]
  0x000002a21cc84000 JavaThread "Daemon client event forwarder" [_thread_blocked, id=6572, stack(0x000000c754000000,0x000000c754100000)]
  0x000002a21c9dd800 JavaThread "Cache worker for journal cache (C:\Users\lutri\.gradle\caches\journal-1)" [_thread_blocked, id=11208, stack(0x000000c754600000,0x000000c754700000)]
  0x000002a21c9de800 JavaThread "File lock request listener" [_thread_in_native, id=18028, stack(0x000000c754700000,0x000000c754800000)]
  0x000002a21c9e0000 JavaThread "Cache worker for file hash cache (C:\Users\lutri\.gradle\caches\8.0.1\fileHashes)" [_thread_blocked, id=9492, stack(0x000000c754900000,0x000000c754a00000)]
  0x000002a21c9dc800 JavaThread "File watcher server" daemon [_thread_in_native, id=8512, stack(0x000000c754b00000,0x000000c754c00000)]
  0x000002a21c9e1000 JavaThread "File watcher consumer" daemon [_thread_blocked, id=8860, stack(0x000000c754c00000,0x000000c754d00000)]
  0x000002a21c9e1800 JavaThread "Cache worker for checksums cache (C:\Users\lutri\Desktop\Assignment\SWD3\Mobile\BlueJay\android\.gradle\8.0.1\checksums)" [_thread_blocked, id=8420, stack(0x000000c754a00000,0x000000c754b00000)]
  0x000002a21c9df000 JavaThread "Cache worker for cache directory md-rule (C:\Users\lutri\.gradle\caches\8.0.1\md-rule)" [_thread_blocked, id=17844, stack(0x000000c754d00000,0x000000c754e00000)]
  0x000002a21c9dc000 JavaThread "Cache worker for file content cache (C:\Users\lutri\.gradle\caches\8.0.1\fileContent)" [_thread_blocked, id=6412, stack(0x000000c754e00000,0x000000c754f00000)]
  0x000002a21c9e2800 JavaThread "Cache worker for file hash cache (C:\Users\lutri\Desktop\Assignment\SWD3\Mobile\BlueJay\android\.gradle\8.0.1\fileHashes)" [_thread_blocked, id=17276, stack(0x000000c754f00000,0x000000c755000000)]
  0x000002a21e033800 JavaThread "Cache worker for cache directory md-supplier (C:\Users\lutri\.gradle\caches\8.0.1\md-supplier)" [_thread_blocked, id=16944, stack(0x000000c755000000,0x000000c755100000)]
  0x000002a21e037800 JavaThread "Cache worker for execution history cache (C:\Users\lutri\.gradle\caches\8.0.1\executionHistory)" [_thread_blocked, id=20448, stack(0x000000c755100000,0x000000c755200000)]
  0x000002a21e036800 JavaThread "jar transforms" [_thread_blocked, id=9448, stack(0x000000c755200000,0x000000c755300000)]
  0x000002a21e035000 JavaThread "jar transforms Thread 2" [_thread_blocked, id=16412, stack(0x000000c755300000,0x000000c755400000)]
  0x000002a21e03a000 JavaThread "jar transforms Thread 3" [_thread_blocked, id=11192, stack(0x000000c755400000,0x000000c755500000)]
  0x000002a21e034000 JavaThread "jar transforms Thread 4" [_thread_blocked, id=12708, stack(0x000000c755500000,0x000000c755600000)]
  0x000002a21f223000 JavaThread "jar transforms Thread 5" [_thread_blocked, id=13092, stack(0x000000c755600000,0x000000c755700000)]
  0x000002a21f224800 JavaThread "jar transforms Thread 6" [_thread_blocked, id=10232, stack(0x000000c755700000,0x000000c755800000)]
  0x000002a21f226800 JavaThread "Cache worker for kotlin-dsl (C:\Users\lutri\.gradle\caches\8.0.1\kotlin-dsl)" [_thread_blocked, id=15012, stack(0x000000c752200000,0x000000c752300000)]
  0x000002a21f225800 JavaThread "jar transforms Thread 7" [_thread_blocked, id=22992, stack(0x000000c752300000,0x000000c752400000)]
  0x000002a21f221800 JavaThread "jar transforms Thread 8" [_thread_blocked, id=11048, stack(0x000000c753f00000,0x000000c754000000)]
  0x000002a21f228000 JavaThread "Cache worker for dependencies-accessors (C:\Users\lutri\Desktop\Assignment\SWD3\Mobile\BlueJay\android\.gradle\8.0.1\dependencies-accessors)" [_thread_blocked, id=17320, stack(0x000000c755900000,0x000000c755a00000)]
  0x000002a21f227000 JavaThread "Cache worker for Build Output Cleanup Cache (C:\Users\lutri\Desktop\Assignment\SWD3\Mobile\BlueJay\node_modules\@react-native\gradle-plugin\.gradle\buildOutputCleanup)" [_thread_blocked, id=9284, stack(0x000000c755a00000,0x000000c755b00000)]
  0x000002a21f222000 JavaThread "Unconstrained build operations" [_thread_blocked, id=1784, stack(0x000000c755b00000,0x000000c755c00000)]
  0x000002a21f22d800 JavaThread "Unconstrained build operations Thread 2" [_thread_blocked, id=11452, stack(0x000000c755c00000,0x000000c755d00000)]
  0x000002a21f22e800 JavaThread "Unconstrained build operations Thread 3" [_thread_blocked, id=17964, stack(0x000000c755d00000,0x000000c755e00000)]
  0x000002a21f229000 JavaThread "Unconstrained build operations Thread 4" [_thread_blocked, id=23012, stack(0x000000c755e00000,0x000000c755f00000)]
  0x000002a21f229800 JavaThread "Unconstrained build operations Thread 5" [_thread_blocked, id=7668, stack(0x000000c755f00000,0x000000c756000000)]
  0x000002a21f22d000 JavaThread "Unconstrained build operations Thread 6" [_thread_blocked, id=14616, stack(0x000000c756000000,0x000000c756100000)]
  0x000002a21f22c000 JavaThread "Unconstrained build operations Thread 7" [_thread_blocked, id=8940, stack(0x000000c756100000,0x000000c756200000)]
  0x000002a21f22a800 JavaThread "Unconstrained build operations Thread 8" [_thread_blocked, id=19008, stack(0x000000c756200000,0x000000c756300000)]
  0x000002a21f22f800 JavaThread "Unconstrained build operations Thread 9" [_thread_blocked, id=23876, stack(0x000000c756300000,0x000000c756400000)]
  0x000002a21f230000 JavaThread "Unconstrained build operations Thread 10" [_thread_blocked, id=2224, stack(0x000000c756400000,0x000000c756500000)]
  0x000002a21f22b000 JavaThread "Unconstrained build operations Thread 11" [_thread_blocked, id=10140, stack(0x000000c756500000,0x000000c756600000)]
  0x000002a21caab800 JavaThread "Unconstrained build operations Thread 12" [_thread_blocked, id=15560, stack(0x000000c756600000,0x000000c756700000)]
  0x000002a21caae800 JavaThread "Unconstrained build operations Thread 13" [_thread_blocked, id=10160, stack(0x000000c756700000,0x000000c756800000)]
  0x000002a21caaf800 JavaThread "Unconstrained build operations Thread 14" [_thread_blocked, id=21100, stack(0x000000c756800000,0x000000c756900000)]
  0x000002a21caad000 JavaThread "Unconstrained build operations Thread 15" [_thread_blocked, id=10568, stack(0x000000c756900000,0x000000c756a00000)]
  0x000002a21cab0000 JavaThread "Unconstrained build operations Thread 16" [_thread_blocked, id=11964, stack(0x000000c756a00000,0x000000c756b00000)]
  0x000002a21cab1000 JavaThread "Unconstrained build operations Thread 17" [_thread_blocked, id=19400, stack(0x000000c756b00000,0x000000c756c00000)]
  0x000002a21cab2000 JavaThread "Unconstrained build operations Thread 18" [_thread_blocked, id=11900, stack(0x000000c756c00000,0x000000c756d00000)]
  0x000002a21caac000 JavaThread "Unconstrained build operations Thread 19" [_thread_blocked, id=10944, stack(0x000000c756d00000,0x000000c756e00000)]
  0x000002a21cab3800 JavaThread "Unconstrained build operations Thread 20" [_thread_blocked, id=24212, stack(0x000000c756e00000,0x000000c756f00000)]
  0x000002a21cab2800 JavaThread "Unconstrained build operations Thread 21" [_thread_blocked, id=24248, stack(0x000000c756f00000,0x000000c757000000)]
  0x000002a21caae000 JavaThread "Unconstrained build operations Thread 22" [_thread_blocked, id=2480, stack(0x000000c757000000,0x000000c757100000)]
  0x000002a21cab4800 JavaThread "Unconstrained build operations Thread 23" [_thread_blocked, id=12756, stack(0x000000c757100000,0x000000c757200000)]
  0x000002a21cab8800 JavaThread "Unconstrained build operations Thread 24" [_thread_blocked, id=24448, stack(0x000000c757200000,0x000000c757300000)]
  0x000002a21caba000 JavaThread "Unconstrained build operations Thread 25" [_thread_blocked, id=4676, stack(0x000000c757300000,0x000000c757400000)]
  0x000002a21cab5000 JavaThread "Unconstrained build operations Thread 26" [_thread_blocked, id=3336, stack(0x000000c757400000,0x000000c757500000)]
  0x000002a21cab6800 JavaThread "Memory manager" [_thread_blocked, id=1868, stack(0x000000c757600000,0x000000c757700000)]
  0x000002a21cab6000 JavaThread "Cache worker for Build Output Cleanup Cache (C:\Users\lutri\Desktop\Assignment\SWD3\Mobile\BlueJay\android\.gradle\buildOutputCleanup)" [_thread_blocked, id=4956, stack(0x000000c757500000,0x000000c757600000)]
  0x000002a21cab9000 JavaThread "Execution worker" [_thread_blocked, id=24276, stack(0x000000c757800000,0x000000c757900000)]
  0x000002a21f897000 JavaThread "Execution worker Thread 2" [_thread_blocked, id=18780, stack(0x000000c757900000,0x000000c757a00000)]
  0x000002a21f89d000 JavaThread "Execution worker Thread 3" [_thread_blocked, id=23040, stack(0x000000c757a00000,0x000000c757b00000)]
  0x000002a21f89d800 JavaThread "Execution worker Thread 4" [_thread_blocked, id=21984, stack(0x000000c757b00000,0x000000c757c00000)]
  0x000002a21f89a800 JavaThread "Execution worker Thread 5" [_thread_blocked, id=22016, stack(0x000000c757c00000,0x000000c757d00000)]
  0x000002a21f89b800 JavaThread "Execution worker Thread 6" [_thread_blocked, id=17880, stack(0x000000c757d00000,0x000000c757e00000)]
  0x000002a21f89c000 JavaThread "Execution worker Thread 7" [_thread_blocked, id=21108, stack(0x000000c757e00000,0x000000c757f00000)]
  0x000002a21f898000 JavaThread "Cache worker for execution history cache (C:\Users\lutri\Desktop\Assignment\SWD3\Mobile\BlueJay\node_modules\@react-native\gradle-plugin\.gradle\8.0.1\executionHistory)" [_thread_blocked, id=20324, stack(0x000000c757f00000,0x000000c758000000)]
  0x000002a21f899800 JavaThread "Unconstrained build operations Thread 27" [_thread_blocked, id=22900, stack(0x000000c758000000,0x000000c758100000)]
  0x000002a21f89e800 JavaThread "Unconstrained build operations Thread 28" [_thread_blocked, id=2896, stack(0x000000c758100000,0x000000c758200000)]
  0x000002a21f899000 JavaThread "Unconstrained build operations Thread 29" [_thread_blocked, id=5616, stack(0x000000c758200000,0x000000c758300000)]
  0x000002a21f8a3800 JavaThread "Unconstrained build operations Thread 30" [_thread_blocked, id=10012, stack(0x000000c758300000,0x000000c758400000)]
  0x000002a21f89f800 JavaThread "Unconstrained build operations Thread 31" [_thread_blocked, id=18468, stack(0x000000c758400000,0x000000c758500000)]
  0x000002a21f8a0000 JavaThread "Unconstrained build operations Thread 32" [_thread_blocked, id=9576, stack(0x000000c758500000,0x000000c758600000)]
  0x000002a21f8a4800 JavaThread "Unconstrained build operations Thread 33" [_thread_blocked, id=6788, stack(0x000000c758600000,0x000000c758700000)]
  0x000002a21f8a2000 JavaThread "Unconstrained build operations Thread 34" [_thread_blocked, id=20900, stack(0x000000c758700000,0x000000c758800000)]
  0x000002a21f8a5000 JavaThread "Unconstrained build operations Thread 35" [_thread_blocked, id=11560, stack(0x000000c758800000,0x000000c758900000)]
  0x000002a21f8a6000 JavaThread "Unconstrained build operations Thread 36" [_thread_blocked, id=17176, stack(0x000000c758900000,0x000000c758a00000)]
  0x000002a21f8a1000 JavaThread "Unconstrained build operations Thread 37" [_thread_blocked, id=16436, stack(0x000000c758a00000,0x000000c758b00000)]
  0x000002a21f8a2800 JavaThread "Unconstrained build operations Thread 38" [_thread_blocked, id=22828, stack(0x000000c758b00000,0x000000c758c00000)]
  0x000002a21de71000 JavaThread "Unconstrained build operations Thread 39" [_thread_blocked, id=15608, stack(0x000000c758c00000,0x000000c758d00000)]
  0x000002a21de6f800 JavaThread "Unconstrained build operations Thread 40" [_thread_blocked, id=11520, stack(0x000000c758d00000,0x000000c758e00000)]
  0x000002a21de72000 JavaThread "Unconstrained build operations Thread 41" [_thread_blocked, id=2104, stack(0x000000c758e00000,0x000000c758f00000)]
  0x000002a21de6e000 JavaThread "Unconstrained build operations Thread 42" [_thread_blocked, id=14548, stack(0x000000c758f00000,0x000000c759000000)]
  0x000002a21de6c800 JavaThread "Unconstrained build operations Thread 43" [_thread_blocked, id=10296, stack(0x000000c759000000,0x000000c759100000)]
  0x000002a21de6e800 JavaThread "Unconstrained build operations Thread 44" [_thread_blocked, id=18948, stack(0x000000c759100000,0x000000c759200000)]
  0x000002a21de70800 JavaThread "Unconstrained build operations Thread 45" [_thread_blocked, id=9412, stack(0x000000c759200000,0x000000c759300000)]
  0x000002a21de73000 JavaThread "Unconstrained build operations Thread 46" [_thread_blocked, id=14140, stack(0x000000c759300000,0x000000c759400000)]
  0x000002a21de6d000 JavaThread "Unconstrained build operations Thread 47" [_thread_blocked, id=9024, stack(0x000000c759400000,0x000000c759500000)]
  0x000002a21de77000 JavaThread "Unconstrained build operations Thread 48" [_thread_blocked, id=2288, stack(0x000000c759500000,0x000000c759600000)]
  0x000002a21de79800 JavaThread "Unconstrained build operations Thread 49" [_thread_blocked, id=988, stack(0x000000c759600000,0x000000c759700000)]
  0x000002a21de77800 JavaThread "Unconstrained build operations Thread 50" [_thread_blocked, id=10520, stack(0x000000c759700000,0x000000c759800000)]
  0x000002a21de76000 JavaThread "Unconstrained build operations Thread 51" [_thread_blocked, id=18452, stack(0x000000c759800000,0x000000c759900000)]
  0x000002a21de75000 JavaThread "Unconstrained build operations Thread 52" [_thread_blocked, id=20492, stack(0x000000c759900000,0x000000c759a00000)]
  0x000002a21de78800 JavaThread "Unconstrained build operations Thread 53" [_thread_blocked, id=12136, stack(0x000000c759a00000,0x000000c759b00000)]
  0x000002a21de73800 JavaThread "Unconstrained build operations Thread 54" [_thread_blocked, id=24200, stack(0x000000c759b00000,0x000000c759c00000)]
  0x000002a21de7a000 JavaThread "Unconstrained build operations Thread 55" [_thread_blocked, id=18036, stack(0x000000c759c00000,0x000000c759d00000)]
  0x000002a21de74800 JavaThread "Unconstrained build operations Thread 56" [_thread_blocked, id=19828, stack(0x000000c759d00000,0x000000c759e00000)]
  0x000002a21de7b000 JavaThread "Unconstrained build operations Thread 57" [_thread_blocked, id=5252, stack(0x000000c759e00000,0x000000c759f00000)]
  0x000002a223c18800 JavaThread "Unconstrained build operations Thread 58" [_thread_blocked, id=14908, stack(0x000000c759f00000,0x000000c75a000000)]
  0x000002a223c1b800 JavaThread "Unconstrained build operations Thread 59" [_thread_blocked, id=12780, stack(0x000000c75a000000,0x000000c75a100000)]
  0x000002a223c1a000 JavaThread "Unconstrained build operations Thread 60" [_thread_blocked, id=18488, stack(0x000000c75a100000,0x000000c75a200000)]
  0x000002a223c17000 JavaThread "Unconstrained build operations Thread 61" [_thread_blocked, id=20328, stack(0x000000c75a200000,0x000000c75a300000)]
  0x000002a223c1c800 JavaThread "Unconstrained build operations Thread 62" [_thread_blocked, id=21420, stack(0x000000c75a300000,0x000000c75a400000)]
  0x000002a223c19000 JavaThread "Unconstrained build operations Thread 63" [_thread_blocked, id=8720, stack(0x000000c75a400000,0x000000c75a500000)]
  0x000002a223c1b000 JavaThread "Unconstrained build operations Thread 64" [_thread_blocked, id=16904, stack(0x000000c75a500000,0x000000c75a600000)]
  0x000002a223c17800 JavaThread "Unconstrained build operations Thread 65" [_thread_blocked, id=24348, stack(0x000000c75a600000,0x000000c75a700000)]
  0x000002a223c1e000 JavaThread "Unconstrained build operations Thread 66" [_thread_blocked, id=12148, stack(0x000000c75a700000,0x000000c75a800000)]
  0x000002a223c23000 JavaThread "Unconstrained build operations Thread 67" [_thread_blocked, id=14128, stack(0x000000c75a800000,0x000000c75a900000)]
  0x000002a223c20800 JavaThread "Unconstrained build operations Thread 68" [_thread_blocked, id=15552, stack(0x000000c75a900000,0x000000c75aa00000)]
  0x000002a223c1d800 JavaThread "Unconstrained build operations Thread 69" [_thread_blocked, id=15032, stack(0x000000c75aa00000,0x000000c75ab00000)]
  0x000002a223c24000 JavaThread "Unconstrained build operations Thread 70" [_thread_blocked, id=18044, stack(0x000000c75ab00000,0x000000c75ac00000)]
  0x000002a223c1f000 JavaThread "Unconstrained build operations Thread 71" [_thread_blocked, id=19980, stack(0x000000c75ac00000,0x000000c75ad00000)]
  0x000002a223c22000 JavaThread "Unconstrained build operations Thread 72" [_thread_blocked, id=23064, stack(0x000000c75ad00000,0x000000c75ae00000)]
  0x000002a223c24800 JavaThread "Unconstrained build operations Thread 73" [_thread_blocked, id=2812, stack(0x000000c75ae00000,0x000000c75af00000)]
  0x000002a223c25800 JavaThread "Unconstrained build operations Thread 74" [_thread_blocked, id=4400, stack(0x000000c75af00000,0x000000c75b000000)]
  0x000002a223c20000 JavaThread "Unconstrained build operations Thread 75" [_thread_blocked, id=9636, stack(0x000000c75b000000,0x000000c75b100000)]
  0x000002a223c21800 JavaThread "Unconstrained build operations Thread 76" [_thread_blocked, id=19796, stack(0x000000c75b100000,0x000000c75b200000)]
  0x000002a21d573800 JavaThread "Unconstrained build operations Thread 77" [_thread_blocked, id=3512, stack(0x000000c75b200000,0x000000c75b300000)]
  0x000002a21d572800 JavaThread "Unconstrained build operations Thread 78" [_thread_blocked, id=16992, stack(0x000000c75b300000,0x000000c75b400000)]
  0x000002a21d574800 JavaThread "Unconstrained build operations Thread 79" [_thread_blocked, id=10892, stack(0x000000c75b400000,0x000000c75b500000)]
  0x000002a21d575000 JavaThread "Unconstrained build operations Thread 80" [_thread_blocked, id=7792, stack(0x000000c75b500000,0x000000c75b600000)]

Other Threads:
  0x000002a27f053800 VMThread "VM Thread" [stack: 0x000000c752a00000,0x000000c752b00000] [id=2772]
  0x000002a27fb8d000 WatcherThread [stack: 0x000000c753400000,0x000000c753500000] [id=20384]
  0x000002a27b622000 GCTaskThread "GC Thread#0" [stack: 0x000000c752500000,0x000000c752600000] [id=7564]
  0x000002a21be05000 GCTaskThread "GC Thread#1" [stack: 0x000000c753500000,0x000000c753600000] [id=12156]
  0x000002a21c1ec800 GCTaskThread "GC Thread#2" [stack: 0x000000c753600000,0x000000c753700000] [id=3932]
  0x000002a21d1b6000 GCTaskThread "GC Thread#3" [stack: 0x000000c754100000,0x000000c754200000] [id=10620]
  0x000002a21b82a800 GCTaskThread "GC Thread#4" [stack: 0x000000c754200000,0x000000c754300000] [id=6884]
  0x000002a21c768800 GCTaskThread "GC Thread#5" [stack: 0x000000c754300000,0x000000c754400000] [id=7008]
  0x000002a21c769800 GCTaskThread "GC Thread#6" [stack: 0x000000c754400000,0x000000c754500000] [id=7912]
  0x000002a21c76a800 GCTaskThread "GC Thread#7" [stack: 0x000000c754500000,0x000000c754600000] [id=10628]
  0x000002a27b659000 ConcurrentGCThread "G1 Main Marker" [stack: 0x000000c752600000,0x000000c752700000] [id=2980]
  0x000002a27b65a800 ConcurrentGCThread "G1 Conc#0" [stack: 0x000000c752700000,0x000000c752800000] [id=17524]
  0x000002a21c199800 ConcurrentGCThread "G1 Conc#1" [stack: 0x000000c754800000,0x000000c754900000] [id=23276]
  0x000002a27b6de000 ConcurrentGCThread "G1 Refine#0" [stack: 0x000000c752800000,0x000000c752900000] [id=15848]
  0x000002a27eec0800 ConcurrentGCThread "G1 Young RemSet Sampling" [stack: 0x000000c752900000,0x000000c752a00000] [id=23056]

Threads with active compile tasks:
C2 CompilerThread0   276835 10199       4       java.util.jar.JarFile::getManifestFromReference (151 bytes)
C1 CompilerThread0   276835 10207       3       org.gradle.internal.instantiation.generator.AsmBackedClassGenerator$ClassBuilderImpl::visitArrayElements (227 bytes)

VM state:not at safepoint (normal execution)

VM Mutex/Monitor currently owned by a thread: None

Heap address: 0x0000000080000000, size: 2048 MB, Compressed Oops mode: 32-bit
Narrow klass base: 0x0000000000000000, Narrow klass shift: 3
Compressed class space size: 528482304 Address: 0x0000000100000000

Heap:
 garbage-first heap   total 129024K, used 85905K [0x0000000080000000, 0x0000000100000000)
  region size 1024K, 9 young (9216K), 4 survivors (4096K)
 Metaspace       used 88689K, capacity 91451K, committed 91568K, reserved 595968K
  class space    used 11469K, capacity 12535K, committed 12544K, reserved 516096K
Heap Regions: E=young(eden), S=young(survivor), O=old, HS=humongous(starts), HC=humongous(continues), CS=collection set, F=free, A=archive, TAMS=top-at-mark-start (previous, next)
|   0|0x0000000080000000, 0x0000000080100000, 0x0000000080100000|100%|HS|  |TAMS 0x0000000080100000, 0x0000000080000000| Complete 
|   1|0x0000000080100000, 0x0000000080200000, 0x0000000080200000|100%|HC|  |TAMS 0x0000000080200000, 0x0000000080100000| Complete 
|   2|0x0000000080200000, 0x0000000080300000, 0x0000000080300000|100%|HC|  |TAMS 0x0000000080300000, 0x0000000080200000| Complete 
|   3|0x0000000080300000, 0x0000000080400000, 0x0000000080400000|100%|HC|  |TAMS 0x0000000080400000, 0x0000000080300000| Complete 
|   4|0x0000000080400000, 0x0000000080500000, 0x0000000080500000|100%| O|  |TAMS 0x0000000080500000, 0x0000000080400000| Untracked 
|   5|0x0000000080500000, 0x0000000080600000, 0x0000000080600000|100%| O|  |TAMS 0x0000000080600000, 0x0000000080500000| Untracked 
|   6|0x0000000080600000, 0x0000000080700000, 0x0000000080700000|100%| O|  |TAMS 0x0000000080700000, 0x0000000080600000| Untracked 
|   7|0x0000000080700000, 0x0000000080800000, 0x0000000080800000|100%| O|  |TAMS 0x0000000080800000, 0x0000000080700000| Untracked 
|   8|0x0000000080800000, 0x0000000080900000, 0x0000000080900000|100%| O|  |TAMS 0x0000000080900000, 0x0000000080800000| Untracked 
|   9|0x0000000080900000, 0x0000000080a00000, 0x0000000080a00000|100%| O|  |TAMS 0x0000000080a00000, 0x0000000080900000| Untracked 
|  10|0x0000000080a00000, 0x0000000080b00000, 0x0000000080b00000|100%| O|  |TAMS 0x0000000080b00000, 0x0000000080a00000| Untracked 
|  11|0x0000000080b00000, 0x0000000080c00000, 0x0000000080c00000|100%| O|  |TAMS 0x0000000080c00000, 0x0000000080b00000| Untracked 
|  12|0x0000000080c00000, 0x0000000080d00000, 0x0000000080d00000|100%| O|  |TAMS 0x0000000080d00000, 0x0000000080c00000| Untracked 
|  13|0x0000000080d00000, 0x0000000080e00000, 0x0000000080e00000|100%| O|  |TAMS 0x0000000080e00000, 0x0000000080d00000| Untracked 
|  14|0x0000000080e00000, 0x0000000080f00000, 0x0000000080f00000|100%| O|  |TAMS 0x0000000080f00000, 0x0000000080e00000| Untracked 
|  15|0x0000000080f00000, 0x0000000081000000, 0x0000000081000000|100%| O|  |TAMS 0x0000000081000000, 0x0000000080f00000| Untracked 
|  16|0x0000000081000000, 0x0000000081100000, 0x0000000081100000|100%| O|  |TAMS 0x0000000081100000, 0x0000000081000000| Untracked 
|  17|0x0000000081100000, 0x0000000081200000, 0x0000000081200000|100%| O|  |TAMS 0x0000000081200000, 0x0000000081100000| Untracked 
|  18|0x0000000081200000, 0x0000000081300000, 0x0000000081300000|100%| O|  |TAMS 0x0000000081300000, 0x0000000081200000| Untracked 
|  19|0x0000000081300000, 0x0000000081400000, 0x0000000081400000|100%| O|  |TAMS 0x0000000081400000, 0x0000000081300000| Untracked 
|  20|0x0000000081400000, 0x0000000081500000, 0x0000000081500000|100%| O|  |TAMS 0x0000000081500000, 0x0000000081400000| Untracked 
|  21|0x0000000081500000, 0x0000000081600000, 0x0000000081600000|100%| O|  |TAMS 0x0000000081600000, 0x0000000081500000| Untracked 
|  22|0x0000000081600000, 0x0000000081700000, 0x0000000081700000|100%| O|  |TAMS 0x0000000081700000, 0x0000000081600000| Untracked 
|  23|0x0000000081700000, 0x0000000081800000, 0x0000000081800000|100%| O|  |TAMS 0x0000000081800000, 0x0000000081700000| Untracked 
|  24|0x0000000081800000, 0x0000000081900000, 0x0000000081900000|100%| O|  |TAMS 0x0000000081900000, 0x0000000081800000| Untracked 
|  25|0x0000000081900000, 0x0000000081a00000, 0x0000000081a00000|100%| O|  |TAMS 0x0000000081a00000, 0x0000000081900000| Untracked 
|  26|0x0000000081a00000, 0x0000000081b00000, 0x0000000081b00000|100%| O|  |TAMS 0x0000000081b00000, 0x0000000081a00000| Untracked 
|  27|0x0000000081b00000, 0x0000000081c00000, 0x0000000081c00000|100%| O|  |TAMS 0x0000000081c00000, 0x0000000081b00000| Untracked 
|  28|0x0000000081c00000, 0x0000000081d00000, 0x0000000081d00000|100%| O|  |TAMS 0x0000000081d00000, 0x0000000081c00000| Untracked 
|  29|0x0000000081d00000, 0x0000000081e00000, 0x0000000081e00000|100%|HS|  |TAMS 0x0000000081e00000, 0x0000000081d00000| Complete 
|  30|0x0000000081e00000, 0x0000000081f00000, 0x0000000081f00000|100%|HC|  |TAMS 0x0000000081f00000, 0x0000000081e00000| Complete 
|  31|0x0000000081f00000, 0x0000000082000000, 0x0000000082000000|100%|HS|  |TAMS 0x0000000082000000, 0x0000000081f00000| Complete 
|  32|0x0000000082000000, 0x0000000082100000, 0x0000000082100000|100%|HC|  |TAMS 0x0000000082100000, 0x0000000082000000| Complete 
|  33|0x0000000082100000, 0x0000000082200000, 0x0000000082200000|100%|HC|  |TAMS 0x0000000082200000, 0x0000000082100000| Complete 
|  34|0x0000000082200000, 0x0000000082300000, 0x0000000082300000|100%|HC|  |TAMS 0x0000000082300000, 0x0000000082200000| Complete 
|  35|0x0000000082300000, 0x0000000082400000, 0x0000000082400000|100%| O|  |TAMS 0x0000000082400000, 0x0000000082300000| Untracked 
|  36|0x0000000082400000, 0x0000000082500000, 0x0000000082500000|100%| O|  |TAMS 0x0000000082500000, 0x0000000082400000| Untracked 
|  37|0x0000000082500000, 0x0000000082600000, 0x0000000082600000|100%| O|  |TAMS 0x0000000082600000, 0x0000000082500000| Untracked 
|  38|0x0000000082600000, 0x0000000082700000, 0x0000000082700000|100%| O|  |TAMS 0x0000000082700000, 0x0000000082600000| Untracked 
|  39|0x0000000082700000, 0x0000000082800000, 0x0000000082800000|100%| O|  |TAMS 0x0000000082800000, 0x0000000082700000| Untracked 
|  40|0x0000000082800000, 0x0000000082900000, 0x0000000082900000|100%| O|  |TAMS 0x0000000082900000, 0x0000000082800000| Untracked 
|  41|0x0000000082900000, 0x0000000082a00000, 0x0000000082a00000|100%| O|  |TAMS 0x0000000082a00000, 0x0000000082900000| Untracked 
|  42|0x0000000082a00000, 0x0000000082b00000, 0x0000000082b00000|100%| O|  |TAMS 0x0000000082b00000, 0x0000000082a00000| Untracked 
|  43|0x0000000082b00000, 0x0000000082c00000, 0x0000000082c00000|100%| O|  |TAMS 0x0000000082c00000, 0x0000000082b00000| Untracked 
|  44|0x0000000082c00000, 0x0000000082d00000, 0x0000000082d00000|100%| O|  |TAMS 0x0000000082d00000, 0x0000000082c00000| Untracked 
|  45|0x0000000082d00000, 0x0000000082e00000, 0x0000000082e00000|100%| O|  |TAMS 0x0000000082e00000, 0x0000000082d00000| Untracked 
|  46|0x0000000082e00000, 0x0000000082f00000, 0x0000000082f00000|100%| O|  |TAMS 0x0000000082f00000, 0x0000000082e00000| Untracked 
|  47|0x0000000082f00000, 0x0000000083000000, 0x0000000083000000|100%| O|  |TAMS 0x0000000083000000, 0x0000000082f00000| Untracked 
|  48|0x0000000083000000, 0x0000000083100000, 0x0000000083100000|100%| O|  |TAMS 0x0000000083100000, 0x0000000083000000| Untracked 
|  49|0x0000000083100000, 0x0000000083200000, 0x0000000083200000|100%| O|  |TAMS 0x0000000083200000, 0x0000000083100000| Untracked 
|  50|0x0000000083200000, 0x0000000083300000, 0x0000000083300000|100%|HS|  |TAMS 0x0000000083300000, 0x0000000083200000| Complete 
|  51|0x0000000083300000, 0x0000000083400000, 0x0000000083400000|100%|HS|  |TAMS 0x0000000083400000, 0x0000000083300000| Complete 
|  52|0x0000000083400000, 0x0000000083500000, 0x0000000083500000|100%| O|  |TAMS 0x0000000083500000, 0x0000000083400000| Untracked 
|  53|0x0000000083500000, 0x0000000083600000, 0x0000000083600000|100%| O|  |TAMS 0x0000000083600000, 0x0000000083500000| Untracked 
|  54|0x0000000083600000, 0x0000000083700000, 0x0000000083700000|100%| O|  |TAMS 0x0000000083700000, 0x0000000083600000| Untracked 
|  55|0x0000000083700000, 0x0000000083800000, 0x0000000083800000|100%| O|  |TAMS 0x0000000083800000, 0x0000000083700000| Untracked 
|  56|0x0000000083800000, 0x0000000083900000, 0x0000000083900000|100%| O|  |TAMS 0x0000000083900000, 0x0000000083800000| Untracked 
|  57|0x0000000083900000, 0x0000000083a00000, 0x0000000083a00000|100%| O|  |TAMS 0x0000000083a00000, 0x0000000083900000| Untracked 
|  58|0x0000000083a00000, 0x0000000083b00000, 0x0000000083b00000|100%| O|  |TAMS 0x0000000083b00000, 0x0000000083a00000| Untracked 
|  59|0x0000000083b00000, 0x0000000083c00000, 0x0000000083c00000|100%| O|  |TAMS 0x0000000083c00000, 0x0000000083b00000| Untracked 
|  60|0x0000000083c00000, 0x0000000083d00000, 0x0000000083d00000|100%| O|  |TAMS 0x0000000083d00000, 0x0000000083c00000| Untracked 
|  61|0x0000000083d00000, 0x0000000083e00000, 0x0000000083e00000|100%| O|  |TAMS 0x0000000083e00000, 0x0000000083d00000| Untracked 
|  62|0x0000000083e00000, 0x0000000083f00000, 0x0000000083f00000|100%| O|  |TAMS 0x0000000083f00000, 0x0000000083e00000| Untracked 
|  63|0x0000000083f00000, 0x0000000084000000, 0x0000000084000000|100%| O|  |TAMS 0x0000000084000000, 0x0000000083f00000| Untracked 
|  64|0x0000000084000000, 0x0000000084100000, 0x0000000084100000|100%| O|  |TAMS 0x0000000084100000, 0x0000000084000000| Untracked 
|  65|0x0000000084100000, 0x0000000084200000, 0x0000000084200000|100%| O|  |TAMS 0x0000000084200000, 0x0000000084100000| Untracked 
|  66|0x0000000084200000, 0x0000000084300000, 0x0000000084300000|100%| O|  |TAMS 0x0000000084300000, 0x0000000084200000| Untracked 
|  67|0x0000000084300000, 0x0000000084400000, 0x0000000084400000|100%| O|  |TAMS 0x0000000084400000, 0x0000000084300000| Untracked 
|  68|0x0000000084400000, 0x0000000084500000, 0x0000000084500000|100%| O|  |TAMS 0x0000000084419c00, 0x0000000084400000| Untracked 
|  69|0x0000000084500000, 0x0000000084600000, 0x0000000084600000|100%| O|  |TAMS 0x0000000084500000, 0x0000000084500000| Untracked 
|  70|0x0000000084600000, 0x0000000084700000, 0x0000000084700000|100%| O|  |TAMS 0x0000000084700000, 0x0000000084600000| Untracked 
|  71|0x0000000084700000, 0x0000000084800000, 0x0000000084800000|100%| O|  |TAMS 0x0000000084800000, 0x0000000084700000| Untracked 
|  72|0x0000000084800000, 0x0000000084900000, 0x0000000084900000|100%| O|  |TAMS 0x0000000084900000, 0x0000000084800000| Untracked 
|  73|0x0000000084900000, 0x0000000084a00000, 0x0000000084a00000|100%| O|  |TAMS 0x0000000084a00000, 0x0000000084900000| Untracked 
|  74|0x0000000084a00000, 0x0000000084b00000, 0x0000000084b00000|100%| O|  |TAMS 0x0000000084b00000, 0x0000000084a00000| Untracked 
|  75|0x0000000084b00000, 0x0000000084c00000, 0x0000000084c00000|100%| O|  |TAMS 0x0000000084c00000, 0x0000000084b00000| Untracked 
|  76|0x0000000084c00000, 0x0000000084c06a00, 0x0000000084d00000|  2%| O|  |TAMS 0x0000000084c00000, 0x0000000084c00000| Untracked 
|  77|0x0000000084d00000, 0x0000000084d00000, 0x0000000084e00000|  0%| F|  |TAMS 0x0000000084d00000, 0x0000000084d00000| Untracked 
|  78|0x0000000084e00000, 0x0000000084e00000, 0x0000000084f00000|  0%| F|  |TAMS 0x0000000084e00000, 0x0000000084e00000| Untracked 
|  79|0x0000000084f00000, 0x0000000084f00000, 0x0000000085000000|  0%| F|  |TAMS 0x0000000084f00000, 0x0000000084f00000| Untracked 
|  80|0x0000000085000000, 0x0000000085000000, 0x0000000085100000|  0%| F|  |TAMS 0x0000000085000000, 0x0000000085000000| Untracked 
|  81|0x0000000085100000, 0x0000000085100000, 0x0000000085200000|  0%| F|  |TAMS 0x0000000085100000, 0x0000000085100000| Untracked 
|  82|0x0000000085200000, 0x0000000085200000, 0x0000000085300000|  0%| F|  |TAMS 0x0000000085200000, 0x0000000085200000| Untracked 
|  83|0x0000000085300000, 0x0000000085300000, 0x0000000085400000|  0%| F|  |TAMS 0x0000000085300000, 0x0000000085300000| Untracked 
|  84|0x0000000085400000, 0x0000000085400000, 0x0000000085500000|  0%| F|  |TAMS 0x0000000085400000, 0x0000000085400000| Untracked 
|  85|0x0000000085500000, 0x0000000085500000, 0x0000000085600000|  0%| F|  |TAMS 0x0000000085500000, 0x0000000085500000| Untracked 
|  86|0x0000000085600000, 0x0000000085600000, 0x0000000085700000|  0%| F|  |TAMS 0x0000000085600000, 0x0000000085600000| Untracked 
|  87|0x0000000085700000, 0x0000000085700000, 0x0000000085800000|  0%| F|  |TAMS 0x0000000085700000, 0x0000000085700000| Untracked 
|  88|0x0000000085800000, 0x0000000085800000, 0x0000000085900000|  0%| F|  |TAMS 0x0000000085800000, 0x0000000085800000| Untracked 
|  89|0x0000000085900000, 0x0000000085900000, 0x0000000085a00000|  0%| F|  |TAMS 0x0000000085900000, 0x0000000085900000| Untracked 
|  90|0x0000000085a00000, 0x0000000085a00000, 0x0000000085b00000|  0%| F|  |TAMS 0x0000000085a00000, 0x0000000085a00000| Untracked 
|  91|0x0000000085b00000, 0x0000000085b00000, 0x0000000085c00000|  0%| F|  |TAMS 0x0000000085b00000, 0x0000000085b00000| Untracked 
|  92|0x0000000085c00000, 0x0000000085c00000, 0x0000000085d00000|  0%| F|  |TAMS 0x0000000085c00000, 0x0000000085c00000| Untracked 
|  93|0x0000000085d00000, 0x0000000085d00000, 0x0000000085e00000|  0%| F|  |TAMS 0x0000000085d00000, 0x0000000085d00000| Untracked 
|  94|0x0000000085e00000, 0x0000000085e00000, 0x0000000085f00000|  0%| F|  |TAMS 0x0000000085e00000, 0x0000000085e00000| Untracked 
|  95|0x0000000085f00000, 0x0000000085f00000, 0x0000000086000000|  0%| F|  |TAMS 0x0000000085f00000, 0x0000000085f00000| Untracked 
|  96|0x0000000086000000, 0x00000000860dda20, 0x0000000086100000| 86%| S|CS|TAMS 0x0000000086000000, 0x0000000086000000| Complete 
|  97|0x0000000086100000, 0x0000000086200000, 0x0000000086200000|100%| S|CS|TAMS 0x0000000086100000, 0x0000000086100000| Complete 
|  98|0x0000000086200000, 0x0000000086300000, 0x0000000086300000|100%| S|CS|TAMS 0x0000000086200000, 0x0000000086200000| Complete 
|  99|0x0000000086300000, 0x0000000086400000, 0x0000000086400000|100%| S|CS|TAMS 0x0000000086300000, 0x0000000086300000| Complete 
| 100|0x0000000086400000, 0x0000000086400000, 0x0000000086500000|  0%| F|  |TAMS 0x0000000086400000, 0x0000000086400000| Untracked 
| 101|0x0000000086500000, 0x0000000086500000, 0x0000000086600000|  0%| F|  |TAMS 0x0000000086500000, 0x0000000086500000| Untracked 
| 102|0x0000000086600000, 0x0000000086600000, 0x0000000086700000|  0%| F|  |TAMS 0x0000000086600000, 0x0000000086600000| Untracked 
| 103|0x0000000086700000, 0x0000000086700000, 0x0000000086800000|  0%| F|  |TAMS 0x0000000086700000, 0x0000000086700000| Untracked 
| 104|0x0000000086800000, 0x0000000086800000, 0x0000000086900000|  0%| F|  |TAMS 0x0000000086800000, 0x0000000086800000| Untracked 
| 105|0x0000000086900000, 0x0000000086900000, 0x0000000086a00000|  0%| F|  |TAMS 0x0000000086900000, 0x0000000086900000| Untracked 
| 106|0x0000000086a00000, 0x0000000086a00000, 0x0000000086b00000|  0%| F|  |TAMS 0x0000000086a00000, 0x0000000086a00000| Untracked 
| 107|0x0000000086b00000, 0x0000000086b00000, 0x0000000086c00000|  0%| F|  |TAMS 0x0000000086b00000, 0x0000000086b00000| Untracked 
| 108|0x0000000086c00000, 0x0000000086c00000, 0x0000000086d00000|  0%| F|  |TAMS 0x0000000086c00000, 0x0000000086c00000| Untracked 
| 109|0x0000000086d00000, 0x0000000086d00000, 0x0000000086e00000|  0%| F|  |TAMS 0x0000000086d00000, 0x0000000086d00000| Untracked 
| 110|0x0000000086e00000, 0x0000000086e00000, 0x0000000086f00000|  0%| F|  |TAMS 0x0000000086e00000, 0x0000000086e00000| Untracked 
| 111|0x0000000086f00000, 0x0000000086f00000, 0x0000000087000000|  0%| F|  |TAMS 0x0000000086f00000, 0x0000000086f00000| Untracked 
| 112|0x0000000087000000, 0x0000000087000000, 0x0000000087100000|  0%| F|  |TAMS 0x0000000087000000, 0x0000000087000000| Untracked 
| 113|0x0000000087100000, 0x0000000087100000, 0x0000000087200000|  0%| F|  |TAMS 0x0000000087100000, 0x0000000087100000| Untracked 
| 114|0x0000000087200000, 0x0000000087200000, 0x0000000087300000|  0%| F|  |TAMS 0x0000000087200000, 0x0000000087200000| Untracked 
| 115|0x0000000087300000, 0x0000000087300000, 0x0000000087400000|  0%| F|  |TAMS 0x0000000087300000, 0x0000000087300000| Untracked 
| 116|0x0000000087400000, 0x0000000087400000, 0x0000000087500000|  0%| F|  |TAMS 0x0000000087400000, 0x0000000087400000| Untracked 
| 117|0x0000000087500000, 0x0000000087500000, 0x0000000087600000|  0%| F|  |TAMS 0x0000000087500000, 0x0000000087500000| Untracked 
| 118|0x0000000087600000, 0x0000000087600000, 0x0000000087700000|  0%| F|  |TAMS 0x0000000087600000, 0x0000000087600000| Untracked 
| 119|0x0000000087700000, 0x0000000087700000, 0x0000000087800000|  0%| F|  |TAMS 0x0000000087700000, 0x0000000087700000| Untracked 
| 120|0x0000000087800000, 0x0000000087800000, 0x0000000087900000|  0%| F|  |TAMS 0x0000000087800000, 0x0000000087800000| Untracked 
| 121|0x0000000087900000, 0x00000000879b6b08, 0x0000000087a00000| 71%| E|  |TAMS 0x0000000087900000, 0x0000000087900000| Complete 
| 122|0x0000000087a00000, 0x0000000087b00000, 0x0000000087b00000|100%| E|CS|TAMS 0x0000000087a00000, 0x0000000087a00000| Complete 
| 123|0x0000000087b00000, 0x0000000087c00000, 0x0000000087c00000|100%| E|CS|TAMS 0x0000000087b00000, 0x0000000087b00000| Complete 
| 124|0x0000000087c00000, 0x0000000087d00000, 0x0000000087d00000|100%| E|CS|TAMS 0x0000000087c00000, 0x0000000087c00000| Complete 
| 125|0x0000000087d00000, 0x0000000087e00000, 0x0000000087e00000|100%| E|CS|TAMS 0x0000000087d00000, 0x0000000087d00000| Complete 

Card table byte_map: [0x000002a27be10000,0x000002a27c210000] _byte_map_base: 0x000002a27ba10000

Marking Bits (Prev, Next): (CMBitMap*) 0x000002a27b64f5b0, (CMBitMap*) 0x000002a27b64f578
 Prev Bits: [0x000002a2176a0000, 0x000002a2196a0000)
 Next Bits: [0x000002a27c610000, 0x000002a27e610000)

Polling page: 0x000002a27ade0000

Metaspace:

Usage:
  Non-class:     77.07 MB capacity,    75.41 MB ( 98%) used,     1.38 MB (  2%) free+waste,   284.31 KB ( <1%) overhead. 
      Class:     12.24 MB capacity,    11.20 MB ( 92%) used,   930.85 KB (  7%) free+waste,   134.50 KB (  1%) overhead. 
       Both:     89.31 MB capacity,    86.61 MB ( 97%) used,     2.29 MB (  3%) free+waste,   418.81 KB ( <1%) overhead. 

Virtual space:
  Non-class space:       78.00 MB reserved,      77.17 MB ( 99%) committed 
      Class space:      504.00 MB reserved,      12.25 MB (  2%) committed 
             Both:      582.00 MB reserved,      89.42 MB ( 15%) committed 

Chunk freelists:
   Non-Class:  44.00 KB
       Class:  9.00 KB
        Both:  53.00 KB

MaxMetaspaceSize: 512.00 MB
CompressedClassSpaceSize: 504.00 MB
Initial GC threshold: 20.80 MB
Current GC threshold: 146.33 MB
CDS: off

CodeHeap 'non-profiled nmethods': size=120000Kb used=6483Kb max_used=6483Kb free=113516Kb
 bounds [0x000002a210170000, 0x000002a2107d0000, 0x000002a2176a0000]
CodeHeap 'profiled nmethods': size=120000Kb used=22563Kb max_used=22563Kb free=97436Kb
 bounds [0x000002a208c40000, 0x000002a20a250000, 0x000002a210170000]
CodeHeap 'non-nmethods': size=5760Kb used=2396Kb max_used=2447Kb free=3363Kb
 bounds [0x000002a2086a0000, 0x000002a208920000, 0x000002a208c40000]
 total_blobs=11044 nmethods=10118 adapters=838
 compilation: enabled
              stopped_count=0, restarted_count=0
 full_count=0

Compilation events (20 events):
Event: 276.222 Thread 0x000002a27f075800 nmethod 10188 0x000002a2107c1f10 code [0x000002a2107c20a0, 0x000002a2107c2138]
Event: 276.222 Thread 0x000002a27f075800 10187       4       org.objectweb.asm.MethodVisitor::visitLdcInsn (87 bytes)
Event: 276.235 Thread 0x000002a27f075800 nmethod 10187 0x000002a2107c2210 code [0x000002a2107c2420, 0x000002a2107c2970]
Event: 276.236 Thread 0x000002a27f075800 10189       4       org.gradle.internal.instantiation.generator.AbstractClassGenerator$PropertyMetadata::isReadableWithoutSetterOfPropertyType (36 bytes)
Event: 276.284 Thread 0x000002a27f075800 nmethod 10189 0x000002a2107c2f90 code [0x000002a2107c31a0, 0x000002a2107c3cf8]
Event: 276.284 Thread 0x000002a27f075800 10194   !   4       java.util.zip.ZipFile$CleanableResource::getInflater (47 bytes)
Event: 276.295 Thread 0x000002a27f075800 nmethod 10194 0x000002a2107c4290 code [0x000002a2107c4460, 0x000002a2107c4a98]
Event: 276.334 Thread 0x000002a27f077000 10195       3       kotlin.LazyKt__LazyJVMKt::lazy (21 bytes)
Event: 276.335 Thread 0x000002a27f077000 nmethod 10195 0x000002a20a240590 code [0x000002a20a2407e0, 0x000002a20a240e68]
Event: 276.443 Thread 0x000002a27f077000 10196       3       sun.reflect.generics.repository.ClassRepository::make (10 bytes)
Event: 276.444 Thread 0x000002a27f075800 10199       4       java.util.jar.JarFile::getManifestFromReference (151 bytes)
Event: 276.444 Thread 0x000002a27f077000 nmethod 10196 0x000002a20a241110 code [0x000002a20a241340, 0x000002a20a241a48]
Event: 276.444 Thread 0x000002a27f077000 10197       3       sun.reflect.generics.repository.ClassRepository::<init> (7 bytes)
Event: 276.444 Thread 0x000002a27f077000 nmethod 10197 0x000002a20a241d10 code [0x000002a20a241f20, 0x000002a20a242588]
Event: 276.444 Thread 0x000002a27f077000 10198       3       sun.reflect.generics.repository.ClassRepository::parse (6 bytes)
Event: 276.445 Thread 0x000002a27f077000 nmethod 10198 0x000002a20a242810 code [0x000002a20a242a00, 0x000002a20a242e28]
Event: 276.555 Thread 0x000002a27f077000 10200       3       sun.invoke.util.Wrapper::convert (169 bytes)
Event: 276.558 Thread 0x000002a27f077000 nmethod 10200 0x000002a20a243010 code [0x000002a20a2433a0, 0x000002a20a2445b8]
Event: 276.668 Thread 0x000002a27f077000 10202   !   3       org.gradle.api.internal.DefaultNamedDomainObjectCollection::applyRules (109 bytes)
Event: 276.669 Thread 0x000002a27f077000 nmethod 10202 0x000002a20a244c90 code [0x000002a20a244f00, 0x000002a20a245968]

GC Heap History (20 events):
Event: 194.724 GC heap before
{Heap before GC invocations=18 (full 0):
 garbage-first heap   total 129024K, used 107239K [0x0000000080000000, 0x0000000100000000)
  region size 1024K, 53 young (54272K), 7 survivors (7168K)
 Metaspace       used 75362K, capacity 77899K, committed 78128K, reserved 583680K
  class space    used 9810K, capacity 10836K, committed 10880K, reserved 516096K
}
Event: 194.751 GC heap after
{Heap after GC invocations=19 (full 0):
 garbage-first heap   total 129024K, used 65740K [0x0000000080000000, 0x0000000100000000)
  region size 1024K, 6 young (6144K), 6 survivors (6144K)
 Metaspace       used 75362K, capacity 77899K, committed 78128K, reserved 583680K
  class space    used 9810K, capacity 10836K, committed 10880K, reserved 516096K
}
Event: 200.183 GC heap before
{Heap before GC invocations=19 (full 0):
 garbage-first heap   total 129024K, used 105676K [0x0000000080000000, 0x0000000100000000)
  region size 1024K, 45 young (46080K), 6 survivors (6144K)
 Metaspace       used 80199K, capacity 82851K, committed 83120K, reserved 587776K
  class space    used 10366K, capacity 11415K, committed 11520K, reserved 516096K
}
Event: 200.217 GC heap after
{Heap after GC invocations=20 (full 0):
 garbage-first heap   total 129024K, used 68260K [0x0000000080000000, 0x0000000100000000)
  region size 1024K, 3 young (3072K), 3 survivors (3072K)
 Metaspace       used 80199K, capacity 82851K, committed 83120K, reserved 587776K
  class space    used 10366K, capacity 11415K, committed 11520K, reserved 516096K
}
Event: 201.871 GC heap before
{Heap before GC invocations=21 (full 0):
 garbage-first heap   total 129024K, used 74404K [0x0000000080000000, 0x0000000100000000)
  region size 1024K, 10 young (10240K), 3 survivors (3072K)
 Metaspace       used 81589K, capacity 84199K, committed 84528K, reserved 589824K
  class space    used 10502K, capacity 11523K, committed 11648K, reserved 516096K
}
Event: 201.879 GC heap after
{Heap after GC invocations=22 (full 0):
 garbage-first heap   total 129024K, used 70571K [0x0000000080000000, 0x0000000100000000)
  region size 1024K, 5 young (5120K), 5 survivors (5120K)
 Metaspace       used 81589K, capacity 84199K, committed 84528K, reserved 589824K
  class space    used 10502K, capacity 11523K, committed 11648K, reserved 516096K
}
Event: 202.315 GC heap before
{Heap before GC invocations=23 (full 0):
 garbage-first heap   total 129024K, used 86955K [0x0000000080000000, 0x0000000100000000)
  region size 1024K, 16 young (16384K), 5 survivors (5120K)
 Metaspace       used 81593K, capacity 84199K, committed 84528K, reserved 589824K
  class space    used 10502K, capacity 11523K, committed 11648K, reserved 516096K
}
Event: 202.324 GC heap after
{Heap after GC invocations=24 (full 0):
 garbage-first heap   total 129024K, used 77125K [0x0000000080000000, 0x0000000100000000)
  region size 1024K, 4 young (4096K), 4 survivors (4096K)
 Metaspace       used 81593K, capacity 84199K, committed 84528K, reserved 589824K
  class space    used 10502K, capacity 11523K, committed 11648K, reserved 516096K
}
Event: 204.388 GC heap before
{Heap before GC invocations=25 (full 0):
 garbage-first heap   total 129024K, used 99653K [0x0000000080000000, 0x0000000100000000)
  region size 1024K, 24 young (24576K), 4 survivors (4096K)
 Metaspace       used 83137K, capacity 85734K, committed 85936K, reserved 591872K
  class space    used 10714K, capacity 11752K, committed 11776K, reserved 516096K
}
Event: 204.396 GC heap after
{Heap after GC invocations=26 (full 0):
 garbage-first heap   total 129024K, used 74766K [0x0000000080000000, 0x0000000100000000)
  region size 1024K, 3 young (3072K), 3 survivors (3072K)
 Metaspace       used 83137K, capacity 85734K, committed 85936K, reserved 591872K
  class space    used 10714K, capacity 11752K, committed 11776K, reserved 516096K
}
Event: 206.091 GC heap before
{Heap before GC invocations=26 (full 0):
 garbage-first heap   total 129024K, used 97294K [0x0000000080000000, 0x0000000100000000)
  region size 1024K, 25 young (25600K), 3 survivors (3072K)
 Metaspace       used 84979K, capacity 87595K, committed 87728K, reserved 591872K
  class space    used 10941K, capacity 11985K, committed 12032K, reserved 516096K
}
Event: 206.097 GC heap after
{Heap after GC invocations=27 (full 0):
 garbage-first heap   total 129024K, used 76125K [0x0000000080000000, 0x0000000100000000)
  region size 1024K, 2 young (2048K), 2 survivors (2048K)
 Metaspace       used 84979K, capacity 87595K, committed 87728K, reserved 591872K
  class space    used 10941K, capacity 11985K, committed 12032K, reserved 516096K
}
Event: 207.010 GC heap before
{Heap before GC invocations=28 (full 0):
 garbage-first heap   total 129024K, used 84317K [0x0000000080000000, 0x0000000100000000)
  region size 1024K, 11 young (11264K), 2 survivors (2048K)
 Metaspace       used 85729K, capacity 88341K, committed 88624K, reserved 593920K
  class space    used 11048K, capacity 12083K, committed 12160K, reserved 516096K
}
Event: 207.018 GC heap after
{Heap after GC invocations=29 (full 0):
 garbage-first heap   total 129024K, used 76750K [0x0000000080000000, 0x0000000100000000)
  region size 1024K, 3 young (3072K), 3 survivors (3072K)
 Metaspace       used 85729K, capacity 88341K, committed 88624K, reserved 593920K
  class space    used 11048K, capacity 12083K, committed 12160K, reserved 516096K
}
Event: 209.108 GC heap before
{Heap before GC invocations=30 (full 0):
 garbage-first heap   total 129024K, used 101326K [0x0000000080000000, 0x0000000100000000)
  region size 1024K, 26 young (26624K), 3 survivors (3072K)
 Metaspace       used 86914K, capacity 89536K, committed 89776K, reserved 593920K
  class space    used 11235K, capacity 12264K, committed 12288K, reserved 516096K
}
Event: 209.116 GC heap after
{Heap after GC invocations=31 (full 0):
 garbage-first heap   total 129024K, used 77976K [0x0000000080000000, 0x0000000100000000)
  region size 1024K, 4 young (4096K), 4 survivors (4096K)
 Metaspace       used 86914K, capacity 89536K, committed 89776K, reserved 593920K
  class space    used 11235K, capacity 12264K, committed 12288K, reserved 516096K
}
Event: 210.296 GC heap before
{Heap before GC invocations=31 (full 0):
 garbage-first heap   total 129024K, used 102552K [0x0000000080000000, 0x0000000100000000)
  region size 1024K, 28 young (28672K), 4 survivors (4096K)
 Metaspace       used 86997K, capacity 89698K, committed 89904K, reserved 593920K
  class space    used 11241K, capacity 12296K, committed 12416K, reserved 516096K
}
Event: 210.312 GC heap after
{Heap after GC invocations=32 (full 0):
 garbage-first heap   total 129024K, used 79688K [0x0000000080000000, 0x0000000100000000)
  region size 1024K, 4 young (4096K), 4 survivors (4096K)
 Metaspace       used 86997K, capacity 89698K, committed 89904K, reserved 593920K
  class space    used 11241K, capacity 12296K, committed 12416K, reserved 516096K
}
Event: 275.684 GC heap before
{Heap before GC invocations=33 (full 0):
 garbage-first heap   total 129024K, used 104264K [0x0000000080000000, 0x0000000100000000)
  region size 1024K, 28 young (28672K), 4 survivors (4096K)
 Metaspace       used 88338K, capacity 91067K, committed 91312K, reserved 595968K
  class space    used 11413K, capacity 12471K, committed 12544K, reserved 516096K
}
Event: 276.133 GC heap after
{Heap after GC invocations=34 (full 0):
 garbage-first heap   total 129024K, used 81809K [0x0000000080000000, 0x0000000100000000)
  region size 1024K, 4 young (4096K), 4 survivors (4096K)
 Metaspace       used 88338K, capacity 91067K, committed 91312K, reserved 595968K
  class space    used 11413K, capacity 12471K, committed 12544K, reserved 516096K
}

Deoptimization events (20 events):
Event: 209.825 Thread 0x000002a21c6f8800 DEOPT PACKING pc=0x000002a21074dd6c sp=0x000000c753df2180
Event: 209.825 Thread 0x000002a21c6f8800 DEOPT UNPACKING pc=0x000002a2086ea1af sp=0x000000c753df2120 mode 2
Event: 210.894 Thread 0x000002a21c6f8800 DEOPT PACKING pc=0x000002a20a17d0b5 sp=0x000000c753df9de0
Event: 210.894 Thread 0x000002a21c6f8800 DEOPT UNPACKING pc=0x000002a2086ea95e sp=0x000000c753df9338 mode 0
Event: 257.644 Thread 0x000002a21c6f8800 Uncommon trap: trap_request=0xffffffde fr.pc=0x000002a2105b1fdc relative=0x000000000000029c
Event: 257.644 Thread 0x000002a21c6f8800 Uncommon trap: reason=class_check action=maybe_recompile pc=0x000002a2105b1fdc method=com.google.common.collect.ComparatorOrdering.compare(Ljava/lang/Object;Ljava/lang/Object;)I @ 6 c2
Event: 257.653 Thread 0x000002a21c6f8800 DEOPT PACKING pc=0x000002a2105b1fdc sp=0x000000c753df35d0
Event: 257.653 Thread 0x000002a21c6f8800 DEOPT UNPACKING pc=0x000002a2086ea1af sp=0x000000c753df3548 mode 2
Event: 257.656 Thread 0x000002a21c6f8800 Uncommon trap: trap_request=0xffffffde fr.pc=0x000002a2105b1fdc relative=0x000000000000029c
Event: 257.656 Thread 0x000002a21c6f8800 Uncommon trap: reason=class_check action=maybe_recompile pc=0x000002a2105b1fdc method=com.google.common.collect.ComparatorOrdering.compare(Ljava/lang/Object;Ljava/lang/Object;)I @ 6 c2
Event: 257.656 Thread 0x000002a21c6f8800 DEOPT PACKING pc=0x000002a2105b1fdc sp=0x000000c753df35d0
Event: 257.656 Thread 0x000002a21c6f8800 DEOPT UNPACKING pc=0x000002a2086ea1af sp=0x000000c753df3548 mode 2
Event: 267.556 Thread 0x000002a21c6f8800 Uncommon trap: trap_request=0xffffffde fr.pc=0x000002a21055ddd4 relative=0x0000000000005a34
Event: 267.556 Thread 0x000002a21c6f8800 Uncommon trap: reason=class_check action=maybe_recompile pc=0x000002a21055ddd4 method=java.lang.Class.createAnnotationData(I)Ljava/lang/Class$AnnotationData; @ 103 c2
Event: 267.556 Thread 0x000002a21c6f8800 DEOPT PACKING pc=0x000002a21055ddd4 sp=0x000000c753def790
Event: 267.556 Thread 0x000002a21c6f8800 DEOPT UNPACKING pc=0x000002a2086ea1af sp=0x000000c753def770 mode 2
Event: 267.601 Thread 0x000002a21c6f8800 Uncommon trap: trap_request=0xffffffde fr.pc=0x000002a21055ddd4 relative=0x0000000000005a34
Event: 267.601 Thread 0x000002a21c6f8800 Uncommon trap: reason=class_check action=maybe_recompile pc=0x000002a21055ddd4 method=java.lang.Class.createAnnotationData(I)Ljava/lang/Class$AnnotationData; @ 103 c2
Event: 267.601 Thread 0x000002a21c6f8800 DEOPT PACKING pc=0x000002a21055ddd4 sp=0x000000c753def910
Event: 267.601 Thread 0x000002a21c6f8800 DEOPT UNPACKING pc=0x000002a2086ea1af sp=0x000000c753def8f0 mode 2

Classes redefined (0 events):
No events

Internal exceptions (20 events):
Event: 210.749 Thread 0x000002a21c6f8800 Exception <a 'java/lang/ClassNotFoundException'{0x00000000879ec5c8}: org/gradle/api/internal/artifacts/dependencies/DefaultExternalModuleDependencyCustomizer> (0x00000000879ec5c8) thrown at [s\src\hotspot\share\classfile\systemDictionary.cpp, line 230]
Event: 210.755 Thread 0x000002a21c6f8800 Exception <a 'java/lang/ClassNotFoundException'{0x000000008784c0c8}: org/gradle/api/internal/artifacts/dependencies/DefaultExternalModuleDependency_DecoratedCustomizer> (0x000000008784c0c8) thrown at [s\src\hotspot\share\classfile\systemDictionary.cpp, line 230]
Event: 259.924 Thread 0x000002a21c6f8800 Exception <a 'java/lang/ClassNotFoundException'{0x00000000875b2070}: org/gradle/api/DefaultTask_DecoratedBeanInfo> (0x00000000875b2070) thrown at [s\src\hotspot\share\classfile\systemDictionary.cpp, line 230]
Event: 260.177 Thread 0x000002a21c6f8800 Exception <a 'java/lang/ClassNotFoundException'{0x00000000875decf0}: org/gradle/api/DefaultTaskBeanInfo> (0x00000000875decf0) thrown at [s\src\hotspot\share\classfile\systemDictionary.cpp, line 230]
Event: 260.499 Thread 0x000002a21c6f8800 Exception <a 'java/lang/ClassNotFoundException'{0x0000000087414110}: org/gradle/api/internal/AbstractTaskBeanInfo> (0x0000000087414110) thrown at [s\src\hotspot\share\classfile\systemDictionary.cpp, line 230]
Event: 260.551 Thread 0x000002a21c6f8800 Exception <a 'java/lang/ClassNotFoundException'{0x0000000087445538}: org/gradle/api/internal/AbstractTaskCustomizer> (0x0000000087445538) thrown at [s\src\hotspot\share\classfile\systemDictionary.cpp, line 230]
Event: 261.299 Thread 0x000002a21c6f8800 Exception <a 'java/lang/ClassNotFoundException'{0x00000000874c4410}: org/gradle/api/DefaultTaskCustomizer> (0x00000000874c4410) thrown at [s\src\hotspot\share\classfile\systemDictionary.cpp, line 230]
Event: 261.400 Thread 0x000002a21c6f8800 Exception <a 'java/lang/ClassNotFoundException'{0x000000008734e2c8}: org/gradle/api/DefaultTask_DecoratedCustomizer> (0x000000008734e2c8) thrown at [s\src\hotspot\share\classfile\systemDictionary.cpp, line 230]
Event: 264.170 Thread 0x000002a21c6f8800 Exception <a 'java/lang/ClassNotFoundException'{0x000000008728e048}: com/android/build/gradle/internal/api/DefaultAndroidSourceSet_DecoratedBeanInfo> (0x000000008728e048) thrown at [s\src\hotspot\share\classfile\systemDictionary.cpp, line 230]
Event: 264.230 Thread 0x000002a21c6f8800 Exception <a 'java/lang/ClassNotFoundException'{0x00000000872ab9a8}: com/android/build/gradle/internal/api/DefaultAndroidSourceSetBeanInfo> (0x00000000872ab9a8) thrown at [s\src\hotspot\share\classfile\systemDictionary.cpp, line 230]
Event: 264.264 Thread 0x000002a21c6f8800 Exception <a 'java/lang/ClassNotFoundException'{0x00000000872c9338}: com/android/build/gradle/internal/api/DefaultAndroidSourceSetCustomizer> (0x00000000872c9338) thrown at [s\src\hotspot\share\classfile\systemDictionary.cpp, line 230]
Event: 264.951 Thread 0x000002a21c6f8800 Exception <a 'java/lang/ClassNotFoundException'{0x000000008713f518}: com/android/build/gradle/internal/api/DefaultAndroidSourceSet_DecoratedCustomizer> (0x000000008713f518) thrown at [s\src\hotspot\share\classfile\systemDictionary.cpp, line 230]
Event: 265.742 Thread 0x000002a21c6f8800 Exception <a 'java/lang/ClassNotFoundException'{0x0000000087007b10}: com/android/build/gradle/internal/api/DefaultAndroidSourceDirectorySetBeanInfo> (0x0000000087007b10) thrown at [s\src\hotspot\share\classfile\systemDictionary.cpp, line 230]
Event: 265.743 Thread 0x000002a21c6f8800 Exception <a 'java/lang/ClassNotFoundException'{0x0000000087027b28}: com/android/build/gradle/internal/api/DefaultAndroidSourceDirectorySetCustomizer> (0x0000000087027b28) thrown at [s\src\hotspot\share\classfile\systemDictionary.cpp, line 230]
Event: 267.211 Thread 0x000002a21c6f8800 Exception <a 'java/lang/ClassNotFoundException'{0x0000000086f59178}: com/google/common/collect/SingletonImmutableSetBeanInfo> (0x0000000086f59178) thrown at [s\src\hotspot\share\classfile\systemDictionary.cpp, line 230]
Event: 267.221 Thread 0x000002a21c6f8800 Exception <a 'java/lang/ClassNotFoundException'{0x0000000086f740a8}: com/google/common/collect/ImmutableSetBeanInfo> (0x0000000086f740a8) thrown at [s\src\hotspot\share\classfile\systemDictionary.cpp, line 230]
Event: 267.225 Thread 0x000002a21c6f8800 Exception <a 'java/lang/ClassNotFoundException'{0x0000000086f94278}: com/google/common/collect/ImmutableCollectionBeanInfo> (0x0000000086f94278) thrown at [s\src\hotspot\share\classfile\systemDictionary.cpp, line 230]
Event: 267.258 Thread 0x000002a21c6f8800 Exception <a 'java/lang/ClassNotFoundException'{0x0000000086fb0638}: com/google/common/collect/ImmutableCollectionCustomizer> (0x0000000086fb0638) thrown at [s\src\hotspot\share\classfile\systemDictionary.cpp, line 230]
Event: 267.550 Thread 0x000002a21c6f8800 Exception <a 'java/lang/ClassNotFoundException'{0x0000000086e0cdb8}: com/google/common/collect/ImmutableSetCustomizer> (0x0000000086e0cdb8) thrown at [s\src\hotspot\share\classfile\systemDictionary.cpp, line 230]
Event: 267.601 Thread 0x000002a21c6f8800 Exception <a 'java/lang/ClassNotFoundException'{0x0000000086e40850}: com/google/common/collect/SingletonImmutableSetCustomizer> (0x0000000086e40850) thrown at [s\src\hotspot\share\classfile\systemDictionary.cpp, line 230]

Events (20 events):
Event: 276.586 loading class com/android/build/gradle/internal/core/dsl/AndroidTestComponentDslInfo
Event: 276.586 loading class com/android/build/gradle/internal/core/dsl/AndroidTestComponentDslInfo done
Event: 276.588 loading class com/android/build/gradle/internal/core/dsl/TestComponentDslInfo
Event: 276.588 loading class com/android/build/gradle/internal/core/dsl/TestComponentDslInfo done
Event: 276.591 loading class com/android/build/gradle/internal/core/dsl/InstrumentedTestComponentDslInfo
Event: 276.591 loading class com/android/build/gradle/internal/core/dsl/InstrumentedTestComponentDslInfo done
Event: 276.618 loading class com/android/build/gradle/internal/core/dsl/impl/AndroidTestComponentDslInfoImpl$namespace$2
Event: 276.618 loading class com/android/build/gradle/internal/core/dsl/impl/AndroidTestComponentDslInfoImpl$namespace$2 done
Event: 276.620 loading class com/android/build/gradle/internal/core/dsl/impl/DslInfoCommonKt
Event: 276.620 loading class com/android/build/gradle/internal/core/dsl/impl/DslInfoCommonKt done
Event: 276.625 loading class com/android/build/gradle/internal/core/dsl/impl/DslInfoCommonKt$initTestApplicationId$testAppIdFromFlavors$1
Event: 276.625 loading class com/android/build/gradle/internal/core/dsl/impl/DslInfoCommonKt$initTestApplicationId$testAppIdFromFlavors$1 done
Event: 276.637 loading class com/android/build/gradle/internal/core/dsl/impl/DslInfoCommonKt$initTestApplicationId$2
Event: 276.637 loading class com/android/build/gradle/internal/core/dsl/impl/DslInfoCommonKt$initTestApplicationId$2 done
Event: 276.641 loading class com/android/build/gradle/internal/core/dsl/impl/AndroidTestComponentDslInfoImpl$namespaceForR$2
Event: 276.641 loading class com/android/build/gradle/internal/core/dsl/impl/AndroidTestComponentDslInfoImpl$namespaceForR$2 done
Event: 276.643 loading class com/android/build/gradle/internal/core/dsl/impl/AndroidTestComponentDslInfoImpl$signingConfig$2
Event: 276.643 loading class com/android/build/gradle/internal/core/dsl/impl/AndroidTestComponentDslInfoImpl$signingConfig$2 done
Event: 276.648 loading class com/android/build/gradle/internal/core/dsl/impl/AndroidTestComponentDslInfoImpl$instrumentedTestDelegate$2
Event: 276.648 loading class com/android/build/gradle/internal/core/dsl/impl/AndroidTestComponentDslInfoImpl$instrumentedTestDelegate$2 done


Dynamic libraries:
0x00007ff79c660000 - 0x00007ff79c66d000 	C:\Program Files\Microsoft\jdk-11.0.20.8-hotspot\bin\java.exe
0x00007ffd73ef0000 - 0x00007ffd74107000 	C:\WINDOWS\SYSTEM32\ntdll.dll
0x00007ffd72a40000 - 0x00007ffd72b04000 	C:\WINDOWS\System32\KERNEL32.DLL
0x00007ffd712a0000 - 0x00007ffd71646000 	C:\WINDOWS\System32\KERNELBASE.dll
0x00007ffd718d0000 - 0x00007ffd719e1000 	C:\WINDOWS\System32\ucrtbase.dll
0x00007ffd211a0000 - 0x00007ffd211b5000 	C:\Program Files\Microsoft\jdk-11.0.20.8-hotspot\bin\VCRUNTIME140.dll
0x00007ffd21280000 - 0x00007ffd21297000 	C:\Program Files\Microsoft\jdk-11.0.20.8-hotspot\bin\jli.dll
0x00007ffd739b0000 - 0x00007ffd73b5d000 	C:\WINDOWS\System32\USER32.dll
0x00007ffd57d30000 - 0x00007ffd57fc3000 	C:\WINDOWS\WinSxS\amd64_microsoft.windows.common-controls_6595b64144ccf1df_6.0.22621.2361_none_2712ced57382f843\COMCTL32.dll
0x00007ffd71270000 - 0x00007ffd71296000 	C:\WINDOWS\System32\win32u.dll
0x00007ffd73b60000 - 0x00007ffd73c07000 	C:\WINDOWS\System32\msvcrt.dll
0x00007ffd73c10000 - 0x00007ffd73c39000 	C:\WINDOWS\System32\GDI32.dll
0x00007ffd719f0000 - 0x00007ffd71b08000 	C:\WINDOWS\System32\gdi32full.dll
0x00007ffd716c0000 - 0x00007ffd7175a000 	C:\WINDOWS\System32\msvcp_win.dll
0x00007ffd73680000 - 0x00007ffd736b1000 	C:\WINDOWS\System32\IMM32.DLL
0x00007ffd20e70000 - 0x00007ffd20f0b000 	C:\Program Files\Microsoft\jdk-11.0.20.8-hotspot\bin\msvcp140.dll
0x00007ffd202d0000 - 0x00007ffd20e66000 	C:\Program Files\Microsoft\jdk-11.0.20.8-hotspot\bin\server\jvm.dll
0x00007ffd73900000 - 0x00007ffd739b0000 	C:\WINDOWS\System32\ADVAPI32.dll
0x00007ffd72980000 - 0x00007ffd72a26000 	C:\WINDOWS\System32\sechost.dll
0x00007ffd72c20000 - 0x00007ffd72d37000 	C:\WINDOWS\System32\RPCRT4.dll
0x00007ffd72c10000 - 0x00007ffd72c18000 	C:\WINDOWS\System32\PSAPI.DLL
0x00007ffd4ea10000 - 0x00007ffd4ea19000 	C:\WINDOWS\SYSTEM32\WSOCK32.dll
0x00007ffd65750000 - 0x00007ffd65784000 	C:\WINDOWS\SYSTEM32\WINMM.dll
0x00007ffd736c0000 - 0x00007ffd73731000 	C:\WINDOWS\System32\WS2_32.dll
0x00007ffd5efc0000 - 0x00007ffd5efca000 	C:\WINDOWS\SYSTEM32\VERSION.dll
0x00007ffd702f0000 - 0x00007ffd70308000 	C:\WINDOWS\SYSTEM32\kernel.appcore.dll
0x00007ffd37ab0000 - 0x00007ffd37ac0000 	C:\Program Files\Microsoft\jdk-11.0.20.8-hotspot\bin\verify.dll
0x00007ffd6eb20000 - 0x00007ffd6ed4e000 	C:\WINDOWS\SYSTEM32\DBGHELP.DLL
0x00007ffd72270000 - 0x00007ffd725fa000 	C:\WINDOWS\System32\combase.dll
0x00007ffd72d40000 - 0x00007ffd72e17000 	C:\WINDOWS\System32\OLEAUT32.dll
0x00007ffd51ff0000 - 0x00007ffd52022000 	C:\WINDOWS\SYSTEM32\dbgcore.DLL
0x00007ffd71bd0000 - 0x00007ffd71c4a000 	C:\WINDOWS\System32\bcryptPrimitives.dll
0x00007ffd202a0000 - 0x00007ffd202c8000 	C:\Program Files\Microsoft\jdk-11.0.20.8-hotspot\bin\java.dll
0x00007ffd34d90000 - 0x00007ffd34d9a000 	C:\Program Files\Microsoft\jdk-11.0.20.8-hotspot\bin\jimage.dll
0x00007ffd1ffc0000 - 0x00007ffd1ffd8000 	C:\Program Files\Microsoft\jdk-11.0.20.8-hotspot\bin\zip.dll
0x00007ffd72e20000 - 0x00007ffd73678000 	C:\WINDOWS\System32\SHELL32.dll
0x00007ffd6f150000 - 0x00007ffd6fa42000 	C:\WINDOWS\SYSTEM32\windows.storage.dll
0x00007ffd6f010000 - 0x00007ffd6f14e000 	C:\WINDOWS\SYSTEM32\wintypes.dll
0x00007ffd72670000 - 0x00007ffd72763000 	C:\WINDOWS\System32\SHCORE.dll
0x00007ffd728d0000 - 0x00007ffd7292e000 	C:\WINDOWS\System32\shlwapi.dll
0x00007ffd711a0000 - 0x00007ffd711c6000 	C:\WINDOWS\SYSTEM32\profapi.dll
0x00007ffd1e5c0000 - 0x00007ffd1e5d9000 	C:\Program Files\Microsoft\jdk-11.0.20.8-hotspot\bin\net.dll
0x00007ffd66a40000 - 0x00007ffd66b77000 	C:\WINDOWS\SYSTEM32\WINHTTP.dll
0x00007ffd70820000 - 0x00007ffd70889000 	C:\WINDOWS\system32\mswsock.dll
0x00007ffd1e5a0000 - 0x00007ffd1e5b3000 	C:\Program Files\Microsoft\jdk-11.0.20.8-hotspot\bin\nio.dll
0x00007ffd357c0000 - 0x00007ffd357e7000 	C:\Users\lutri\.gradle\native\68d5fa5c4cc2d200863cafc0d521ce42e7d3e7ee720ec0a83991735586a16f82\windows-amd64\native-platform.dll
0x00007ffd141e0000 - 0x00007ffd14324000 	C:\Users\lutri\.gradle\native\e376f236ea51e6404a007f0833ffe2c6e607c4080706a723a18a27aeea778392\windows-amd64\native-platform-file-events.dll
0x00007ffd21270000 - 0x00007ffd21279000 	C:\Program Files\Microsoft\jdk-11.0.20.8-hotspot\bin\management.dll
0x00007ffd21190000 - 0x00007ffd2119b000 	C:\Program Files\Microsoft\jdk-11.0.20.8-hotspot\bin\management_ext.dll
0x00007ffd70a70000 - 0x00007ffd70a8b000 	C:\WINDOWS\SYSTEM32\CRYPTSP.dll
0x00007ffd70250000 - 0x00007ffd70285000 	C:\WINDOWS\system32\rsaenh.dll
0x00007ffd70910000 - 0x00007ffd7093c000 	C:\WINDOWS\SYSTEM32\USERENV.dll
0x00007ffd70c10000 - 0x00007ffd70c38000 	C:\WINDOWS\SYSTEM32\bcrypt.dll
0x00007ffd70a90000 - 0x00007ffd70a9c000 	C:\WINDOWS\SYSTEM32\CRYPTBASE.dll
0x00007ffd6fca0000 - 0x00007ffd6fccd000 	C:\WINDOWS\SYSTEM32\IPHLPAPI.DLL
0x00007ffd72a30000 - 0x00007ffd72a39000 	C:\WINDOWS\System32\NSI.dll
0x00007ffd65d30000 - 0x00007ffd65d49000 	C:\WINDOWS\SYSTEM32\dhcpcsvc6.DLL
0x00007ffd65d10000 - 0x00007ffd65d2f000 	C:\WINDOWS\SYSTEM32\dhcpcsvc.DLL
0x00007ffd6fcd0000 - 0x00007ffd6fdc9000 	C:\WINDOWS\SYSTEM32\DNSAPI.dll

dbghelp: loaded successfully - version: 4.0.5 - missing functions: none
symbol engine: initialized successfully - sym options: 0x614 - pdb path: .;C:\Program Files\Microsoft\jdk-11.0.20.8-hotspot\bin;C:\WINDOWS\SYSTEM32;C:\WINDOWS\WinSxS\amd64_microsoft.windows.common-controls_6595b64144ccf1df_6.0.22621.2361_none_2712ced57382f843;C:\Program Files\Microsoft\jdk-11.0.20.8-hotspot\bin\server;C:\Users\lutri\.gradle\native\68d5fa5c4cc2d200863cafc0d521ce42e7d3e7ee720ec0a83991735586a16f82\windows-amd64;C:\Users\lutri\.gradle\native\e376f236ea51e6404a007f0833ffe2c6e607c4080706a723a18a27aeea778392\windows-amd64

VM Arguments:
jvm_args: -XX:MaxMetaspaceSize=512m --add-opens=java.base/java.util=ALL-UNNAMED --add-opens=java.base/java.lang=ALL-UNNAMED --add-opens=java.base/java.lang.invoke=ALL-UNNAMED --add-opens=java.prefs/java.util.prefs=ALL-UNNAMED --add-opens=java.base/java.nio.charset=ALL-UNNAMED --add-opens=java.base/java.net=ALL-UNNAMED --add-opens=java.base/java.util.concurrent.atomic=ALL-UNNAMED -Xmx2048m -Dfile.encoding=utf8 -Duser.country=CA -Duser.language=en -Duser.variant 
java_command: org.gradle.launcher.daemon.bootstrap.GradleDaemon 8.0.1
java_class_path (initial): C:\Users\lutri\.gradle\wrapper\dists\gradle-8.0.1-all\aro4hu1c3oeioove7l0i4i14o\gradle-8.0.1\lib\gradle-launcher-8.0.1.jar
Launcher Type: SUN_STANDARD

[Global flags]
     intx CICompilerCount                          = 4                                         {product} {ergonomic}
   size_t CompressedClassSpaceSize                 = 528482304                                 {product} {ergonomic}
     uint ConcGCThreads                            = 2                                         {product} {ergonomic}
     uint G1ConcRefinementThreads                  = 8                                         {product} {ergonomic}
   size_t G1HeapRegionSize                         = 1048576                                   {product} {ergonomic}
    uintx GCDrainStackTargetSize                   = 64                                        {product} {ergonomic}
   size_t InitialHeapSize                          = 132120576                                 {product} {ergonomic}
   size_t MarkStackSize                            = 4194304                                   {product} {ergonomic}
   size_t MaxHeapSize                              = 2147483648                                {product} {command line}
   size_t MaxMetaspaceSize                         = 536870912                                 {product} {command line}
   size_t MaxNewSize                               = 1287651328                                {product} {ergonomic}
   size_t MinHeapDeltaBytes                        = 1048576                                   {product} {ergonomic}
    uintx NonNMethodCodeHeapSize                   = 5836300                                {pd product} {ergonomic}
    uintx NonProfiledCodeHeapSize                  = 122910970                              {pd product} {ergonomic}
    uintx ProfiledCodeHeapSize                     = 122910970                              {pd product} {ergonomic}
    uintx ReservedCodeCacheSize                    = 251658240                              {pd product} {ergonomic}
     bool SegmentedCodeCache                       = true                                      {product} {ergonomic}
     bool UseCompressedClassPointers               = true                                 {lp64_product} {ergonomic}
     bool UseCompressedOops                        = true                                 {lp64_product} {ergonomic}
     bool UseG1GC                                  = true                                      {product} {ergonomic}
     bool UseLargePagesIndividualAllocation        = false                                  {pd product} {ergonomic}

Logging:
Log output configuration:
 #0: stdout all=warning uptime,level,tags
 #1: stderr all=off uptime,level,tags

Environment Variables:
PATH=C:\Program Files\Microsoft\jdk-11.0.20.8-hotspot\bin;C:\Python311\Scripts\;C:\Python311\;C:\app\lutri\product\21c\dbhomeXE\bin;C:\Program Files (x86)\VMware\VMware Workstation\bin\;C:\WINDOWS\system32;C:\WINDOWS;C:\WINDOWS\System32\Wbem;C:\WINDOWS\System32\WindowsPowerShell\v1.0\;C:\WINDOWS\System32\OpenSSH\;C:\Program Files\Git\cmd;C:\Program Files\Microsoft SQL Server\150\Tools\Binn\;C:\Program Files\Microsoft SQL Server\Client SDK\ODBC\170\Tools\Binn\;C:\Program Files\dotnet\;C:\ProgramData\chocolatey\bin;C:\Program Files\nodejs\;C:\Program Files\Git LFS;C:\Gradle\gradle-8.4\bin;C:\Users\lutri\AppData\Local\Android\Sdk\platform-tools;C:\Users\lutri\AppData\Local\Android\Sdk\platforms;C:\Program Files\MySQL\MySQL Shell 8.0\bin\;C:\Users\lutri\AppData\Local\Microsoft\WindowsApps;C:\Users\lutri\AppData\Local\Programs\Microsoft VS Code\bin;C:\Users\lutri\.dotnet\tools;C:\Users\lutri\AppData\Local\GitHubDesktop\bin;C:\Users\lutri\AppData\Roaming\npm;C:\Users\lutri\AppData\Local\Android\Sdk\platform-tools;
USERNAME=lutri
OS=Windows_NT
PROCESSOR_IDENTIFIER=Intel64 Family 6 Model 142 Stepping 12, GenuineIntel
TMP=C:\Users\lutri\AppData\Local\Temp
TEMP=C:\Users\lutri\AppData\Local\Temp



---------------  S Y S T E M  ---------------

OS: Windows 11 , 64 bit Build 22621 (10.0.22621.2428)
OS uptime: 0 days 0:09 hours
Hyper-V role detected

CPU:total 8 (initial active 8) (4 cores per cpu, 2 threads per core) family 6 model 142 stepping 12 microcode 0xde, cmov, cx8, fxsr, mmx, sse, sse2, sse3, ssse3, sse4.1, sse4.2, popcnt, avx, avx2, aes, clmul, erms, 3dnowpref, lzcnt, ht, tsc, tscinvbit, bmi1, bmi2, adx, fma

Memory: 4k page, system-wide physical 7969M (259M free)
TotalPageFile size 32545M (AvailPageFile size 272M)
current process WorkingSet (physical memory assigned to process): 95M, peak: 309M
current process commit charge ("private bytes"): 408M, peak: 415M

vm_info: OpenJDK 64-Bit Server VM (11.0.20+8-LTS) for windows-amd64 JRE (11.0.20+8-LTS), built on Jul  7 2023 17:05:21 by "MicrosoftCorporation" with MS VC++ 15.9 (VS2017)

END.
