#
# There is insufficient memory for the Java Runtime Environment to continue.
# Native memory allocation (malloc) failed to allocate 131088 bytes for Chunk::new
# Possible reasons:
#   The system is out of physical RAM or swap space
#   The process is running with CompressedOops enabled, and the Java Heap may be blocking the growth of the native heap
# Possible solutions:
#   Reduce memory load on the system
#   Increase physical memory or swap space
#   Check if swap backing store is full
#   Decrease Java heap size (-Xmx/-Xms)
#   Decrease number of Java threads
#   Decrease Java thread stack sizes (-Xss)
#   Set larger code cache with -XX:ReservedCodeCacheSize=
#   JVM is running with Unscaled Compressed Oops mode in which the Java heap is
#     placed in the first 4GB address space. The Java Heap base address is the
#     maximum limit for the native heap growth. Please use -XX:HeapBaseMinAddress
#     to set the Java Heap base and to place the Java Heap above 4GB virtual address.
# This output file may be truncated or incomplete.
#
#  Out of Memory Error (arena.cpp:197), pid=2912, tid=23924
#
# JRE version: OpenJDK Runtime Environment Microsoft-8035250 (11.0.20+8) (build 11.0.20+8-LTS)
# Java VM: OpenJDK 64-Bit Server VM Microsoft-8035250 (11.0.20+8-LTS, mixed mode, tiered, compressed oops, g1 gc, windows-amd64)
# No core dump will be written. Minidumps are not enabled by default on client versions of Windows
#

---------------  S U M M A R Y ------------

Command Line: -XX:MaxMetaspaceSize=512m --add-opens=java.base/java.util=ALL-UNNAMED --add-opens=java.base/java.lang=ALL-UNNAMED --add-opens=java.base/java.lang.invoke=ALL-UNNAMED --add-opens=java.prefs/java.util.prefs=ALL-UNNAMED --add-opens=java.base/java.nio.charset=ALL-UNNAMED --add-opens=java.base/java.net=ALL-UNNAMED --add-opens=java.base/java.util.concurrent.atomic=ALL-UNNAMED -Xmx2048m -Dfile.encoding=windows-1252 -Duser.country=CA -Duser.language=en -Duser.variant org.gradle.launcher.daemon.bootstrap.GradleDaemon 8.0.1

Host: Intel(R) Core(TM) i5-10210U CPU @ 1.60GHz, 8 cores, 7G,  Windows 11 , 64 bit Build 22621 (10.0.22621.2428)
Time: Wed Nov  8 23:45:07 2023 Mountain Standard Time elapsed time: 287.988298 seconds (0d 0h 4m 47s)

---------------  T H R E A D  ---------------

Current thread (0x00000204ac97c000):  JavaThread "C2 CompilerThread0" daemon [_thread_in_native, id=23924, stack(0x000000bf93500000,0x000000bf93600000)]


Current CompileTask:
C2: 287991 9774       4       org.gradle.internal.instantiation.generator.AbstractClassGenerator$ClassMetadata::property (42 bytes)

Stack: [0x000000bf93500000,0x000000bf93600000]
Native frames: (J=compiled Java code, j=interpreted, Vv=VM code, C=native code)
V  [jvm.dll+0x62e9da]
V  [jvm.dll+0x7bc4e9]
V  [jvm.dll+0x7bdbd8]
V  [jvm.dll+0x7be2b3]
V  [jvm.dll+0x2505a8]
V  [jvm.dll+0xc263c]
V  [jvm.dll+0xc2bfc]
V  [jvm.dll+0xc274b]
V  [jvm.dll+0x60c2ff]
V  [jvm.dll+0x35c883]
V  [jvm.dll+0x35d3c8]
V  [jvm.dll+0x2e18af]
V  [jvm.dll+0x5f4501]
V  [jvm.dll+0x10ac2c]
V  [jvm.dll+0x33c4ad]
V  [jvm.dll+0x64fad9]
V  [jvm.dll+0x64ee96]
V  [jvm.dll+0x64a075]
V  [jvm.dll+0x643d8f]
V  [jvm.dll+0x64341b]
V  [jvm.dll+0x6412d5]
V  [jvm.dll+0x18d23c]
V  [jvm.dll+0x2c46e6]
V  [jvm.dll+0x64bfd8]
V  [jvm.dll+0x643d8f]
V  [jvm.dll+0x64341b]
V  [jvm.dll+0x6412d5]
V  [jvm.dll+0x18d23c]
V  [jvm.dll+0x2c46e6]
V  [jvm.dll+0x64bfd8]
V  [jvm.dll+0x643d8f]
V  [jvm.dll+0x64341b]
V  [jvm.dll+0x6412d5]
V  [jvm.dll+0x18d23c]
V  [jvm.dll+0x18ddc9]
V  [jvm.dll+0x2c46e6]
V  [jvm.dll+0x64bfd8]
V  [jvm.dll+0x643d8f]
V  [jvm.dll+0x64341b]
V  [jvm.dll+0x6412d5]
V  [jvm.dll+0x18d23c]
V  [jvm.dll+0x2085c8]
V  [jvm.dll+0x18a7de]
V  [jvm.dll+0x2181ec]
V  [jvm.dll+0x21642b]
V  [jvm.dll+0x77efc0]
V  [jvm.dll+0x777db4]
V  [jvm.dll+0x62d845]
C  [ucrtbase.dll+0x29363]
C  [KERNEL32.DLL+0x1257d]
C  [ntdll.dll+0x5aa78]


---------------  P R O C E S S  ---------------

Threads class SMR info:
_java_thread_list=0x00000204afd6d9e0, length=131, elements={
0x000002048d881800, 0x00000204ac968800, 0x00000204ac973000, 0x00000204ac977000,
0x00000204ac978000, 0x00000204ac979000, 0x00000204ac97c000, 0x00000204ac980000,
0x00000204ac99c000, 0x00000204ad42c800, 0x00000204aea5c800, 0x00000204ae1f9000,
0x00000204affd1000, 0x00000204af10d800, 0x00000204aedc6800, 0x00000204af90b800,
0x00000204af21a800, 0x00000204af21f000, 0x00000204ae1bc800, 0x00000204afc64000,
0x00000204afc62000, 0x00000204afc65000, 0x00000204afc62800, 0x00000204afc66000,
0x00000204afc60000, 0x00000204afc61000, 0x00000204afc63800, 0x00000204afc66800,
0x00000204afbfa000, 0x00000204afbfe000, 0x00000204afbf8000, 0x00000204afbfe800,
0x00000204afbf9000, 0x00000204afbfa800, 0x00000204afbff800, 0x00000204afc00800,
0x00000204afc01000, 0x00000204afc02000, 0x00000204afc02800, 0x00000204afbfd000,
0x00000204afc05000, 0x00000204afc06000, 0x00000204afc04800, 0x00000204afc07000,
0x00000204ae2bb000, 0x00000204ae2bd800, 0x00000204ae2bb800, 0x00000204ae2be000,
0x00000204ae2c0000, 0x00000204ae2bc800, 0x00000204ae2bf000, 0x00000204ae2ba000,
0x00000204ae2c6800, 0x00000204ae2c4000, 0x00000204ae2c0800, 0x00000204ae2c7000,
0x00000204ae2c1800, 0x00000204ae2c4800, 0x00000204ae2c2000, 0x00000204ae2c8800,
0x00000204ae2c3000, 0x00000204ae2c5800, 0x00000204ae2c8000, 0x00000204b0565000,
0x00000204b0564800, 0x00000204b0566000, 0x00000204b056c800, 0x00000204b0567800,
0x00000204b0568800, 0x00000204b056b800, 0x00000204b056d800, 0x00000204b056e000,
0x00000204b056a000, 0x00000204b056f000, 0x00000204b0569000, 0x00000204b056f800,
0x00000204b056b000, 0x00000204b0573000, 0x00000204b0570800, 0x00000204b0571800,
0x00000204b0572000, 0x00000204b0d78800, 0x00000204b0d76800, 0x00000204b0d77800,
0x00000204b0d79000, 0x00000204b0d7a000, 0x00000204b0d74800, 0x00000204b0d75000,
0x00000204b0d7b000, 0x00000204b0d7b800, 0x00000204b0d76000, 0x00000204b0d80800,
0x00000204b0d7d800, 0x00000204b0d7e000, 0x00000204b0d81800, 0x00000204b0d7f000,
0x00000204b0d7f800, 0x00000204b0d82000, 0x00000204b0d7c800, 0x00000204b0d83000,
0x00000204b1286800, 0x00000204b1287800, 0x00000204b128c800, 0x00000204b128a000,
0x00000204b128d000, 0x00000204b128b800, 0x00000204b128e000, 0x00000204b128a800,
0x00000204b1288000, 0x00000204b1289000, 0x00000204b1293000, 0x00000204b1294800,
0x00000204b1293800, 0x00000204b1291000, 0x00000204b128f800, 0x00000204b128e800,
0x00000204b1295800, 0x00000204b1290800, 0x00000204b1292000, 0x00000204b419d800,
0x00000204b419e000, 0x00000204b41a3000, 0x00000204b41a4800, 0x00000204b41a1800,
0x00000204b41a0800, 0x00000204b41a4000, 0x00000204b419f800, 0x00000204b419f000,
0x00000204b41a6000, 0x00000204b41a5800, 0x00000204b41a8000
}

Java Threads: ( => current thread )
  0x000002048d881800 JavaThread "main" [_thread_blocked, id=20364, stack(0x000000bf92900000,0x000000bf92a00000)]
  0x00000204ac968800 JavaThread "Reference Handler" daemon [_thread_blocked, id=12476, stack(0x000000bf93000000,0x000000bf93100000)]
  0x00000204ac973000 JavaThread "Finalizer" daemon [_thread_blocked, id=14744, stack(0x000000bf93100000,0x000000bf93200000)]
  0x00000204ac977000 JavaThread "Signal Dispatcher" daemon [_thread_blocked, id=12400, stack(0x000000bf93200000,0x000000bf93300000)]
  0x00000204ac978000 JavaThread "Attach Listener" daemon [_thread_blocked, id=12668, stack(0x000000bf93300000,0x000000bf93400000)]
  0x00000204ac979000 JavaThread "Service Thread" daemon [_thread_blocked, id=23916, stack(0x000000bf93400000,0x000000bf93500000)]
=>0x00000204ac97c000 JavaThread "C2 CompilerThread0" daemon [_thread_in_native, id=23924, stack(0x000000bf93500000,0x000000bf93600000)]
  0x00000204ac980000 JavaThread "C1 CompilerThread0" daemon [_thread_blocked, id=23232, stack(0x000000bf93600000,0x000000bf93700000)]
  0x00000204ac99c000 JavaThread "Sweeper thread" daemon [_thread_blocked, id=11856, stack(0x000000bf93700000,0x000000bf93800000)]
  0x00000204ad42c800 JavaThread "Common-Cleaner" daemon [_thread_blocked, id=23296, stack(0x000000bf93800000,0x000000bf93900000)]
  0x00000204aea5c800 JavaThread "Daemon health stats" [_thread_blocked, id=2748, stack(0x000000bf93d00000,0x000000bf93e00000)]
  0x00000204ae1f9000 JavaThread "Incoming local TCP Connector on port 50909" [_thread_in_native, id=8684, stack(0x000000bf93c00000,0x000000bf93d00000)]
  0x00000204affd1000 JavaThread "Daemon periodic checks" [_thread_blocked, id=12164, stack(0x000000bf93e00000,0x000000bf93f00000)]
  0x00000204af10d800 JavaThread "Daemon" [_thread_blocked, id=3348, stack(0x000000bf93f00000,0x000000bf94000000)]
  0x00000204aedc6800 JavaThread "Handler for socket connection from /127.0.0.1:50909 to /127.0.0.1:50910" [_thread_in_native, id=12768, stack(0x000000bf94000000,0x000000bf94100000)]
  0x00000204af90b800 JavaThread "Cancel handler" [_thread_blocked, id=7036, stack(0x000000bf94100000,0x000000bf94200000)]
  0x00000204af21a800 JavaThread "Daemon worker" [_thread_in_Java, id=6576, stack(0x000000bf94200000,0x000000bf94300000)]
  0x00000204af21f000 JavaThread "Asynchronous log dispatcher for DefaultDaemonConnection: socket connection from /127.0.0.1:50909 to /127.0.0.1:50910" [_thread_blocked, id=1432, stack(0x000000bf94300000,0x000000bf94400000)]
  0x00000204ae1bc800 JavaThread "Daemon client event forwarder" [_thread_blocked, id=24484, stack(0x000000bf94500000,0x000000bf94600000)]
  0x00000204afc64000 JavaThread "Cache worker for journal cache (C:\Users\lutri\.gradle\caches\journal-1)" [_thread_blocked, id=20672, stack(0x000000bf94b00000,0x000000bf94c00000)]
  0x00000204afc62000 JavaThread "File lock request listener" [_thread_in_native, id=23000, stack(0x000000bf94c00000,0x000000bf94d00000)]
  0x00000204afc65000 JavaThread "Cache worker for file hash cache (C:\Users\lutri\.gradle\caches\8.0.1\fileHashes)" [_thread_blocked, id=21152, stack(0x000000bf94e00000,0x000000bf94f00000)]
  0x00000204afc62800 JavaThread "File watcher server" daemon [_thread_in_native, id=23748, stack(0x000000bf94f00000,0x000000bf95000000)]
  0x00000204afc66000 JavaThread "File watcher consumer" daemon [_thread_blocked, id=5236, stack(0x000000bf95000000,0x000000bf95100000)]
  0x00000204afc60000 JavaThread "Cache worker for checksums cache (C:\Users\lutri\Desktop\Assignment\SWD3\Mobile\BlueJay\android\.gradle\8.0.1\checksums)" [_thread_blocked, id=19492, stack(0x000000bf95100000,0x000000bf95200000)]
  0x00000204afc61000 JavaThread "Cache worker for cache directory md-rule (C:\Users\lutri\.gradle\caches\8.0.1\md-rule)" [_thread_blocked, id=23248, stack(0x000000bf95200000,0x000000bf95300000)]
  0x00000204afc63800 JavaThread "Cache worker for file content cache (C:\Users\lutri\.gradle\caches\8.0.1\fileContent)" [_thread_blocked, id=2948, stack(0x000000bf95300000,0x000000bf95400000)]
  0x00000204afc66800 JavaThread "Cache worker for file hash cache (C:\Users\lutri\Desktop\Assignment\SWD3\Mobile\BlueJay\android\.gradle\8.0.1\fileHashes)" [_thread_blocked, id=1340, stack(0x000000bf95500000,0x000000bf95600000)]
  0x00000204afbfa000 JavaThread "Cache worker for cache directory md-supplier (C:\Users\lutri\.gradle\caches\8.0.1\md-supplier)" [_thread_blocked, id=11296, stack(0x000000bf95600000,0x000000bf95700000)]
  0x00000204afbfe000 JavaThread "Cache worker for execution history cache (C:\Users\lutri\.gradle\caches\8.0.1\executionHistory)" [_thread_blocked, id=16408, stack(0x000000bf95400000,0x000000bf95500000)]
  0x00000204afbf8000 JavaThread "jar transforms" [_thread_blocked, id=4224, stack(0x000000bf95700000,0x000000bf95800000)]
  0x00000204afbfe800 JavaThread "jar transforms Thread 2" [_thread_blocked, id=17652, stack(0x000000bf95800000,0x000000bf95900000)]
  0x00000204afbf9000 JavaThread "jar transforms Thread 3" [_thread_blocked, id=9540, stack(0x000000bf95900000,0x000000bf95a00000)]
  0x00000204afbfa800 JavaThread "jar transforms Thread 4" [_thread_blocked, id=16912, stack(0x000000bf95a00000,0x000000bf95b00000)]
  0x00000204afbff800 JavaThread "Cache worker for kotlin-dsl (C:\Users\lutri\.gradle\caches\8.0.1\kotlin-dsl)" [_thread_blocked, id=11816, stack(0x000000bf92600000,0x000000bf92700000)]
  0x00000204afc00800 JavaThread "jar transforms Thread 5" [_thread_blocked, id=14288, stack(0x000000bf92700000,0x000000bf92800000)]
  0x00000204afc01000 JavaThread "jar transforms Thread 6" [_thread_blocked, id=18728, stack(0x000000bf92800000,0x000000bf92900000)]
  0x00000204afc02000 JavaThread "Cache worker for dependencies-accessors (C:\Users\lutri\Desktop\Assignment\SWD3\Mobile\BlueJay\android\.gradle\8.0.1\dependencies-accessors)" [_thread_blocked, id=17708, stack(0x000000bf94400000,0x000000bf94500000)]
  0x00000204afc02800 JavaThread "Cache worker for Build Output Cleanup Cache (C:\Users\lutri\Desktop\Assignment\SWD3\Mobile\BlueJay\node_modules\@react-native\gradle-plugin\.gradle\buildOutputCleanup)" [_thread_blocked, id=7140, stack(0x000000bf95b00000,0x000000bf95c00000)]
  0x00000204afbfd000 JavaThread "jar transforms Thread 7" [_thread_blocked, id=6056, stack(0x000000bf95c00000,0x000000bf95d00000)]
  0x00000204afc05000 JavaThread "Unconstrained build operations" [_thread_blocked, id=24168, stack(0x000000bf95e00000,0x000000bf95f00000)]
  0x00000204afc06000 JavaThread "Unconstrained build operations Thread 2" [_thread_blocked, id=748, stack(0x000000bf95f00000,0x000000bf96000000)]
  0x00000204afc04800 JavaThread "Unconstrained build operations Thread 3" [_thread_blocked, id=24088, stack(0x000000bf96000000,0x000000bf96100000)]
  0x00000204afc07000 JavaThread "Unconstrained build operations Thread 4" [_thread_blocked, id=17240, stack(0x000000bf96100000,0x000000bf96200000)]
  0x00000204ae2bb000 JavaThread "Unconstrained build operations Thread 5" [_thread_blocked, id=3040, stack(0x000000bf96200000,0x000000bf96300000)]
  0x00000204ae2bd800 JavaThread "Unconstrained build operations Thread 6" [_thread_blocked, id=19636, stack(0x000000bf96300000,0x000000bf96400000)]
  0x00000204ae2bb800 JavaThread "Unconstrained build operations Thread 7" [_thread_blocked, id=10696, stack(0x000000bf96400000,0x000000bf96500000)]
  0x00000204ae2be000 JavaThread "Unconstrained build operations Thread 8" [_thread_blocked, id=20584, stack(0x000000bf96500000,0x000000bf96600000)]
  0x00000204ae2c0000 JavaThread "Unconstrained build operations Thread 9" [_thread_blocked, id=2452, stack(0x000000bf96600000,0x000000bf96700000)]
  0x00000204ae2bc800 JavaThread "Unconstrained build operations Thread 10" [_thread_blocked, id=18884, stack(0x000000bf96700000,0x000000bf96800000)]
  0x00000204ae2bf000 JavaThread "Unconstrained build operations Thread 11" [_thread_blocked, id=23024, stack(0x000000bf96800000,0x000000bf96900000)]
  0x00000204ae2ba000 JavaThread "Unconstrained build operations Thread 12" [_thread_blocked, id=10888, stack(0x000000bf96900000,0x000000bf96a00000)]
  0x00000204ae2c6800 JavaThread "Unconstrained build operations Thread 13" [_thread_blocked, id=11292, stack(0x000000bf96a00000,0x000000bf96b00000)]
  0x00000204ae2c4000 JavaThread "Unconstrained build operations Thread 14" [_thread_blocked, id=24156, stack(0x000000bf96b00000,0x000000bf96c00000)]
  0x00000204ae2c0800 JavaThread "Unconstrained build operations Thread 15" [_thread_blocked, id=13044, stack(0x000000bf96c00000,0x000000bf96d00000)]
  0x00000204ae2c7000 JavaThread "Unconstrained build operations Thread 16" [_thread_blocked, id=3364, stack(0x000000bf96d00000,0x000000bf96e00000)]
  0x00000204ae2c1800 JavaThread "Unconstrained build operations Thread 17" [_thread_blocked, id=21412, stack(0x000000bf96e00000,0x000000bf96f00000)]
  0x00000204ae2c4800 JavaThread "Unconstrained build operations Thread 18" [_thread_blocked, id=20312, stack(0x000000bf96f00000,0x000000bf97000000)]
  0x00000204ae2c2000 JavaThread "Unconstrained build operations Thread 19" [_thread_blocked, id=3468, stack(0x000000bf97000000,0x000000bf97100000)]
  0x00000204ae2c8800 JavaThread "Unconstrained build operations Thread 20" [_thread_blocked, id=13984, stack(0x000000bf97100000,0x000000bf97200000)]
  0x00000204ae2c3000 JavaThread "Unconstrained build operations Thread 21" [_thread_blocked, id=7352, stack(0x000000bf97200000,0x000000bf97300000)]
  0x00000204ae2c5800 JavaThread "Unconstrained build operations Thread 22" [_thread_blocked, id=23380, stack(0x000000bf97300000,0x000000bf97400000)]
  0x00000204ae2c8000 JavaThread "Unconstrained build operations Thread 23" [_thread_blocked, id=1152, stack(0x000000bf97400000,0x000000bf97500000)]
  0x00000204b0565000 JavaThread "Unconstrained build operations Thread 24" [_thread_blocked, id=14828, stack(0x000000bf97500000,0x000000bf97600000)]
  0x00000204b0564800 JavaThread "Unconstrained build operations Thread 25" [_thread_blocked, id=4724, stack(0x000000bf97600000,0x000000bf97700000)]
  0x00000204b0566000 JavaThread "Unconstrained build operations Thread 26" [_thread_blocked, id=19140, stack(0x000000bf97700000,0x000000bf97800000)]
  0x00000204b056c800 JavaThread "jar transforms Thread 8" [_thread_blocked, id=12204, stack(0x000000bf97800000,0x000000bf97900000)]
  0x00000204b0567800 JavaThread "Memory manager" [_thread_blocked, id=23356, stack(0x000000bf97900000,0x000000bf97a00000)]
  0x00000204b0568800 JavaThread "Cache worker for Build Output Cleanup Cache (C:\Users\lutri\Desktop\Assignment\SWD3\Mobile\BlueJay\android\.gradle\buildOutputCleanup)" [_thread_blocked, id=18752, stack(0x000000bf97a00000,0x000000bf97b00000)]
  0x00000204b056b800 JavaThread "Execution worker" [_thread_blocked, id=12120, stack(0x000000bf97c00000,0x000000bf97d00000)]
  0x00000204b056d800 JavaThread "Execution worker Thread 2" [_thread_blocked, id=12160, stack(0x000000bf97d00000,0x000000bf97e00000)]
  0x00000204b056e000 JavaThread "Execution worker Thread 3" [_thread_blocked, id=11432, stack(0x000000bf97e00000,0x000000bf97f00000)]
  0x00000204b056a000 JavaThread "Execution worker Thread 4" [_thread_blocked, id=17832, stack(0x000000bf97f00000,0x000000bf98000000)]
  0x00000204b056f000 JavaThread "Execution worker Thread 5" [_thread_blocked, id=752, stack(0x000000bf98000000,0x000000bf98100000)]
  0x00000204b0569000 JavaThread "Execution worker Thread 6" [_thread_blocked, id=15048, stack(0x000000bf98100000,0x000000bf98200000)]
  0x00000204b056f800 JavaThread "Execution worker Thread 7" [_thread_blocked, id=19824, stack(0x000000bf98200000,0x000000bf98300000)]
  0x00000204b056b000 JavaThread "Cache worker for execution history cache (C:\Users\lutri\Desktop\Assignment\SWD3\Mobile\BlueJay\node_modules\@react-native\gradle-plugin\.gradle\8.0.1\executionHistory)" [_thread_blocked, id=8752, stack(0x000000bf98300000,0x000000bf98400000)]
  0x00000204b0573000 JavaThread "Unconstrained build operations Thread 27" [_thread_blocked, id=7176, stack(0x000000bf98400000,0x000000bf98500000)]
  0x00000204b0570800 JavaThread "Unconstrained build operations Thread 28" [_thread_blocked, id=9444, stack(0x000000bf98500000,0x000000bf98600000)]
  0x00000204b0571800 JavaThread "Unconstrained build operations Thread 29" [_thread_blocked, id=12464, stack(0x000000bf98600000,0x000000bf98700000)]
  0x00000204b0572000 JavaThread "Unconstrained build operations Thread 30" [_thread_blocked, id=4104, stack(0x000000bf98700000,0x000000bf98800000)]
  0x00000204b0d78800 JavaThread "Unconstrained build operations Thread 31" [_thread_blocked, id=21076, stack(0x000000bf98800000,0x000000bf98900000)]
  0x00000204b0d76800 JavaThread "Unconstrained build operations Thread 32" [_thread_blocked, id=13888, stack(0x000000bf98900000,0x000000bf98a00000)]
  0x00000204b0d77800 JavaThread "Unconstrained build operations Thread 33" [_thread_blocked, id=6984, stack(0x000000bf98a00000,0x000000bf98b00000)]
  0x00000204b0d79000 JavaThread "Unconstrained build operations Thread 34" [_thread_blocked, id=19988, stack(0x000000bf98b00000,0x000000bf98c00000)]
  0x00000204b0d7a000 JavaThread "Unconstrained build operations Thread 35" [_thread_blocked, id=4960, stack(0x000000bf98c00000,0x000000bf98d00000)]
  0x00000204b0d74800 JavaThread "Unconstrained build operations Thread 36" [_thread_blocked, id=10280, stack(0x000000bf98d00000,0x000000bf98e00000)]
  0x00000204b0d75000 JavaThread "Unconstrained build operations Thread 37" [_thread_blocked, id=13512, stack(0x000000bf98e00000,0x000000bf98f00000)]
  0x00000204b0d7b000 JavaThread "Unconstrained build operations Thread 38" [_thread_blocked, id=3484, stack(0x000000bf98f00000,0x000000bf99000000)]
  0x00000204b0d7b800 JavaThread "Unconstrained build operations Thread 39" [_thread_blocked, id=844, stack(0x000000bf99000000,0x000000bf99100000)]
  0x00000204b0d76000 JavaThread "Unconstrained build operations Thread 40" [_thread_blocked, id=8644, stack(0x000000bf99100000,0x000000bf99200000)]
  0x00000204b0d80800 JavaThread "Unconstrained build operations Thread 41" [_thread_blocked, id=5896, stack(0x000000bf99200000,0x000000bf99300000)]
  0x00000204b0d7d800 JavaThread "Unconstrained build operations Thread 42" [_thread_blocked, id=10348, stack(0x000000bf99300000,0x000000bf99400000)]
  0x00000204b0d7e000 JavaThread "Unconstrained build operations Thread 43" [_thread_blocked, id=20436, stack(0x000000bf99400000,0x000000bf99500000)]
  0x00000204b0d81800 JavaThread "Unconstrained build operations Thread 44" [_thread_blocked, id=11308, stack(0x000000bf99500000,0x000000bf99600000)]
  0x00000204b0d7f000 JavaThread "Unconstrained build operations Thread 45" [_thread_blocked, id=16804, stack(0x000000bf99600000,0x000000bf99700000)]
  0x00000204b0d7f800 JavaThread "Unconstrained build operations Thread 46" [_thread_blocked, id=17068, stack(0x000000bf99700000,0x000000bf99800000)]
  0x00000204b0d82000 JavaThread "Unconstrained build operations Thread 47" [_thread_blocked, id=16996, stack(0x000000bf99800000,0x000000bf99900000)]
  0x00000204b0d7c800 JavaThread "Unconstrained build operations Thread 48" [_thread_blocked, id=10360, stack(0x000000bf99900000,0x000000bf99a00000)]
  0x00000204b0d83000 JavaThread "Unconstrained build operations Thread 49" [_thread_blocked, id=22896, stack(0x000000bf99a00000,0x000000bf99b00000)]
  0x00000204b1286800 JavaThread "Unconstrained build operations Thread 50" [_thread_blocked, id=12816, stack(0x000000bf99b00000,0x000000bf99c00000)]
  0x00000204b1287800 JavaThread "Unconstrained build operations Thread 51" [_thread_blocked, id=5152, stack(0x000000bf99c00000,0x000000bf99d00000)]
  0x00000204b128c800 JavaThread "Unconstrained build operations Thread 52" [_thread_blocked, id=12888, stack(0x000000bf99e00000,0x000000bf99f00000)]
  0x00000204b128a000 JavaThread "Unconstrained build operations Thread 53" [_thread_blocked, id=3800, stack(0x000000bf99d00000,0x000000bf99e00000)]
  0x00000204b128d000 JavaThread "Unconstrained build operations Thread 54" [_thread_blocked, id=10788, stack(0x000000bf99f00000,0x000000bf9a000000)]
  0x00000204b128b800 JavaThread "Unconstrained build operations Thread 55" [_thread_blocked, id=3024, stack(0x000000bf9a000000,0x000000bf9a100000)]
  0x00000204b128e000 JavaThread "Unconstrained build operations Thread 56" [_thread_blocked, id=10044, stack(0x000000bf9a100000,0x000000bf9a200000)]
  0x00000204b128a800 JavaThread "Unconstrained build operations Thread 57" [_thread_blocked, id=17872, stack(0x000000bf9a200000,0x000000bf9a300000)]
  0x00000204b1288000 JavaThread "Unconstrained build operations Thread 58" [_thread_blocked, id=24236, stack(0x000000bf9a300000,0x000000bf9a400000)]
  0x00000204b1289000 JavaThread "Unconstrained build operations Thread 59" [_thread_blocked, id=24256, stack(0x000000bf9a400000,0x000000bf9a500000)]
  0x00000204b1293000 JavaThread "Unconstrained build operations Thread 60" [_thread_blocked, id=24232, stack(0x000000bf9a500000,0x000000bf9a600000)]
  0x00000204b1294800 JavaThread "Unconstrained build operations Thread 61" [_thread_blocked, id=24444, stack(0x000000bf9a600000,0x000000bf9a700000)]
  0x00000204b1293800 JavaThread "Unconstrained build operations Thread 62" [_thread_blocked, id=20524, stack(0x000000bf9a700000,0x000000bf9a800000)]
  0x00000204b1291000 JavaThread "Unconstrained build operations Thread 63" [_thread_blocked, id=19284, stack(0x000000bf9a800000,0x000000bf9a900000)]
  0x00000204b128f800 JavaThread "Unconstrained build operations Thread 64" [_thread_blocked, id=15056, stack(0x000000bf9a900000,0x000000bf9aa00000)]
  0x00000204b128e800 JavaThread "Unconstrained build operations Thread 65" [_thread_blocked, id=5888, stack(0x000000bf9aa00000,0x000000bf9ab00000)]
  0x00000204b1295800 JavaThread "Unconstrained build operations Thread 66" [_thread_blocked, id=10504, stack(0x000000bf9ab00000,0x000000bf9ac00000)]
  0x00000204b1290800 JavaThread "Unconstrained build operations Thread 67" [_thread_blocked, id=23384, stack(0x000000bf9ac00000,0x000000bf9ad00000)]
  0x00000204b1292000 JavaThread "Unconstrained build operations Thread 68" [_thread_blocked, id=14816, stack(0x000000bf9ad00000,0x000000bf9ae00000)]
  0x00000204b419d800 JavaThread "Unconstrained build operations Thread 69" [_thread_blocked, id=11468, stack(0x000000bf9ae00000,0x000000bf9af00000)]
  0x00000204b419e000 JavaThread "Unconstrained build operations Thread 70" [_thread_blocked, id=23428, stack(0x000000bf9af00000,0x000000bf9b000000)]
  0x00000204b41a3000 JavaThread "Unconstrained build operations Thread 71" [_thread_blocked, id=9916, stack(0x000000bf9b000000,0x000000bf9b100000)]
  0x00000204b41a4800 JavaThread "Unconstrained build operations Thread 72" [_thread_blocked, id=7448, stack(0x000000bf9b100000,0x000000bf9b200000)]
  0x00000204b41a1800 JavaThread "Unconstrained build operations Thread 73" [_thread_blocked, id=23364, stack(0x000000bf9b200000,0x000000bf9b300000)]
  0x00000204b41a0800 JavaThread "Unconstrained build operations Thread 74" [_thread_blocked, id=5372, stack(0x000000bf9b300000,0x000000bf9b400000)]
  0x00000204b41a4000 JavaThread "Unconstrained build operations Thread 75" [_thread_blocked, id=8096, stack(0x000000bf9b400000,0x000000bf9b500000)]
  0x00000204b419f800 JavaThread "Unconstrained build operations Thread 76" [_thread_blocked, id=11036, stack(0x000000bf9b500000,0x000000bf9b600000)]
  0x00000204b419f000 JavaThread "Unconstrained build operations Thread 77" [_thread_blocked, id=3948, stack(0x000000bf9b600000,0x000000bf9b700000)]
  0x00000204b41a6000 JavaThread "Unconstrained build operations Thread 78" [_thread_blocked, id=9472, stack(0x000000bf9b700000,0x000000bf9b800000)]
  0x00000204b41a5800 JavaThread "Unconstrained build operations Thread 79" [_thread_blocked, id=23628, stack(0x000000bf9b800000,0x000000bf9b900000)]
  0x00000204b41a8000 JavaThread "Unconstrained build operations Thread 80" [_thread_blocked, id=2356, stack(0x000000bf9b900000,0x000000bf9ba00000)]

Other Threads:
  0x00000204ac951800 VMThread "VM Thread" [stack: 0x000000bf92f00000,0x000000bf93000000] [id=12420]
  0x00000204ad466000 WatcherThread [stack: 0x000000bf93900000,0x000000bf93a00000] [id=7748]
  0x000002048d89c000 GCTaskThread "GC Thread#0" [stack: 0x000000bf92a00000,0x000000bf92b00000] [id=7724]
  0x00000204ae2ec800 GCTaskThread "GC Thread#1" [stack: 0x000000bf93a00000,0x000000bf93b00000] [id=11276]
  0x00000204ae298800 GCTaskThread "GC Thread#2" [stack: 0x000000bf93b00000,0x000000bf93c00000] [id=11972]
  0x00000204ae6ce000 GCTaskThread "GC Thread#3" [stack: 0x000000bf94600000,0x000000bf94700000] [id=17392]
  0x00000204af3ff800 GCTaskThread "GC Thread#4" [stack: 0x000000bf94700000,0x000000bf94800000] [id=18204]
  0x00000204afc3f800 GCTaskThread "GC Thread#5" [stack: 0x000000bf94800000,0x000000bf94900000] [id=15752]
  0x00000204aed20800 GCTaskThread "GC Thread#6" [stack: 0x000000bf94900000,0x000000bf94a00000] [id=8300]
  0x00000204aed21000 GCTaskThread "GC Thread#7" [stack: 0x000000bf94a00000,0x000000bf94b00000] [id=20860]
  0x000002048d8cc000 ConcurrentGCThread "G1 Main Marker" [stack: 0x000000bf92b00000,0x000000bf92c00000] [id=4628]
  0x000002048d8cd000 ConcurrentGCThread "G1 Conc#0" [stack: 0x000000bf92c00000,0x000000bf92d00000] [id=20372]
  0x00000204afc85000 ConcurrentGCThread "G1 Conc#1" [stack: 0x000000bf94d00000,0x000000bf94e00000] [id=4004]
  0x00000204ac7c2800 ConcurrentGCThread "G1 Refine#0" [stack: 0x000000bf92d00000,0x000000bf92e00000] [id=8272]
  0x00000204ac7c3800 ConcurrentGCThread "G1 Young RemSet Sampling" [stack: 0x000000bf92e00000,0x000000bf92f00000] [id=8324]

Threads with active compile tasks:
C2 CompilerThread0   288167 9774       4       org.gradle.internal.instantiation.generator.AbstractClassGenerator$ClassMetadata::property (42 bytes)

VM state:not at safepoint (normal execution)

VM Mutex/Monitor currently owned by a thread: None

Heap address: 0x0000000080000000, size: 2048 MB, Compressed Oops mode: 32-bit
Narrow klass base: 0x0000000000000000, Narrow klass shift: 3
Compressed class space size: 528482304 Address: 0x0000000100000000

Heap:
 garbage-first heap   total 129024K, used 97044K [0x0000000080000000, 0x0000000100000000)
  region size 1024K, 24 young (24576K), 5 survivors (5120K)
 Metaspace       used 87054K, capacity 89564K, committed 89736K, reserved 593920K
  class space    used 11245K, capacity 12291K, committed 12416K, reserved 516096K
Heap Regions: E=young(eden), S=young(survivor), O=old, HS=humongous(starts), HC=humongous(continues), CS=collection set, F=free, A=archive, TAMS=top-at-mark-start (previous, next)
|   0|0x0000000080000000, 0x0000000080100000, 0x0000000080100000|100%|HS|  |TAMS 0x0000000080100000, 0x0000000080000000| Complete 
|   1|0x0000000080100000, 0x0000000080200000, 0x0000000080200000|100%|HC|  |TAMS 0x0000000080200000, 0x0000000080100000| Complete 
|   2|0x0000000080200000, 0x0000000080300000, 0x0000000080300000|100%|HC|  |TAMS 0x0000000080300000, 0x0000000080200000| Complete 
|   3|0x0000000080300000, 0x0000000080400000, 0x0000000080400000|100%|HC|  |TAMS 0x0000000080400000, 0x0000000080300000| Complete 
|   4|0x0000000080400000, 0x0000000080500000, 0x0000000080500000|100%| O|  |TAMS 0x0000000080500000, 0x0000000080400000| Untracked 
|   5|0x0000000080500000, 0x0000000080600000, 0x0000000080600000|100%| O|  |TAMS 0x0000000080600000, 0x0000000080500000| Untracked 
|   6|0x0000000080600000, 0x0000000080700000, 0x0000000080700000|100%| O|  |TAMS 0x0000000080700000, 0x0000000080600000| Untracked 
|   7|0x0000000080700000, 0x0000000080800000, 0x0000000080800000|100%| O|  |TAMS 0x0000000080800000, 0x0000000080700000| Untracked 
|   8|0x0000000080800000, 0x0000000080900000, 0x0000000080900000|100%| O|  |TAMS 0x0000000080900000, 0x0000000080800000| Untracked 
|   9|0x0000000080900000, 0x0000000080a00000, 0x0000000080a00000|100%| O|  |TAMS 0x0000000080a00000, 0x0000000080900000| Untracked 
|  10|0x0000000080a00000, 0x0000000080b00000, 0x0000000080b00000|100%| O|  |TAMS 0x0000000080b00000, 0x0000000080a00000| Untracked 
|  11|0x0000000080b00000, 0x0000000080c00000, 0x0000000080c00000|100%| O|  |TAMS 0x0000000080c00000, 0x0000000080b00000| Untracked 
|  12|0x0000000080c00000, 0x0000000080d00000, 0x0000000080d00000|100%| O|  |TAMS 0x0000000080d00000, 0x0000000080c00000| Untracked 
|  13|0x0000000080d00000, 0x0000000080e00000, 0x0000000080e00000|100%| O|  |TAMS 0x0000000080e00000, 0x0000000080d00000| Untracked 
|  14|0x0000000080e00000, 0x0000000080f00000, 0x0000000080f00000|100%| O|  |TAMS 0x0000000080f00000, 0x0000000080e00000| Untracked 
|  15|0x0000000080f00000, 0x0000000081000000, 0x0000000081000000|100%| O|  |TAMS 0x0000000081000000, 0x0000000080f00000| Untracked 
|  16|0x0000000081000000, 0x0000000081100000, 0x0000000081100000|100%| O|  |TAMS 0x0000000081100000, 0x0000000081000000| Untracked 
|  17|0x0000000081100000, 0x0000000081200000, 0x0000000081200000|100%| O|  |TAMS 0x0000000081200000, 0x0000000081100000| Untracked 
|  18|0x0000000081200000, 0x0000000081300000, 0x0000000081300000|100%| O|  |TAMS 0x0000000081300000, 0x0000000081200000| Untracked 
|  19|0x0000000081300000, 0x0000000081400000, 0x0000000081400000|100%| O|  |TAMS 0x0000000081400000, 0x0000000081300000| Untracked 
|  20|0x0000000081400000, 0x0000000081500000, 0x0000000081500000|100%| O|  |TAMS 0x0000000081500000, 0x0000000081400000| Untracked 
|  21|0x0000000081500000, 0x0000000081600000, 0x0000000081600000|100%| O|  |TAMS 0x0000000081600000, 0x0000000081500000| Untracked 
|  22|0x0000000081600000, 0x0000000081700000, 0x0000000081700000|100%| O|  |TAMS 0x0000000081700000, 0x0000000081600000| Untracked 
|  23|0x0000000081700000, 0x0000000081800000, 0x0000000081800000|100%| O|  |TAMS 0x0000000081800000, 0x0000000081700000| Untracked 
|  24|0x0000000081800000, 0x0000000081900000, 0x0000000081900000|100%| O|  |TAMS 0x0000000081900000, 0x0000000081800000| Untracked 
|  25|0x0000000081900000, 0x0000000081a00000, 0x0000000081a00000|100%| O|  |TAMS 0x0000000081a00000, 0x0000000081900000| Untracked 
|  26|0x0000000081a00000, 0x0000000081b00000, 0x0000000081b00000|100%| O|  |TAMS 0x0000000081b00000, 0x0000000081a00000| Untracked 
|  27|0x0000000081b00000, 0x0000000081c00000, 0x0000000081c00000|100%| O|  |TAMS 0x0000000081c00000, 0x0000000081b00000| Untracked 
|  28|0x0000000081c00000, 0x0000000081d00000, 0x0000000081d00000|100%|HS|  |TAMS 0x0000000081d00000, 0x0000000081c00000| Complete 
|  29|0x0000000081d00000, 0x0000000081e00000, 0x0000000081e00000|100%|HC|  |TAMS 0x0000000081e00000, 0x0000000081d00000| Complete 
|  30|0x0000000081e00000, 0x0000000081f00000, 0x0000000081f00000|100%|HS|  |TAMS 0x0000000081f00000, 0x0000000081e00000| Complete 
|  31|0x0000000081f00000, 0x0000000082000000, 0x0000000082000000|100%|HC|  |TAMS 0x0000000082000000, 0x0000000081f00000| Complete 
|  32|0x0000000082000000, 0x0000000082100000, 0x0000000082100000|100%|HC|  |TAMS 0x0000000082100000, 0x0000000082000000| Complete 
|  33|0x0000000082100000, 0x0000000082200000, 0x0000000082200000|100%|HC|  |TAMS 0x0000000082200000, 0x0000000082100000| Complete 
|  34|0x0000000082200000, 0x0000000082300000, 0x0000000082300000|100%| O|  |TAMS 0x0000000082300000, 0x0000000082200000| Untracked 
|  35|0x0000000082300000, 0x0000000082400000, 0x0000000082400000|100%| O|  |TAMS 0x0000000082400000, 0x0000000082300000| Untracked 
|  36|0x0000000082400000, 0x0000000082500000, 0x0000000082500000|100%| O|  |TAMS 0x0000000082500000, 0x0000000082400000| Untracked 
|  37|0x0000000082500000, 0x0000000082600000, 0x0000000082600000|100%| O|  |TAMS 0x0000000082600000, 0x0000000082500000| Untracked 
|  38|0x0000000082600000, 0x0000000082700000, 0x0000000082700000|100%| O|  |TAMS 0x0000000082700000, 0x0000000082600000| Untracked 
|  39|0x0000000082700000, 0x0000000082800000, 0x0000000082800000|100%| O|  |TAMS 0x0000000082800000, 0x0000000082700000| Untracked 
|  40|0x0000000082800000, 0x0000000082900000, 0x0000000082900000|100%| O|  |TAMS 0x0000000082900000, 0x0000000082800000| Untracked 
|  41|0x0000000082900000, 0x0000000082a00000, 0x0000000082a00000|100%| O|  |TAMS 0x0000000082a00000, 0x0000000082900000| Untracked 
|  42|0x0000000082a00000, 0x0000000082b00000, 0x0000000082b00000|100%| O|  |TAMS 0x0000000082b00000, 0x0000000082a00000| Untracked 
|  43|0x0000000082b00000, 0x0000000082c00000, 0x0000000082c00000|100%| O|  |TAMS 0x0000000082c00000, 0x0000000082b00000| Untracked 
|  44|0x0000000082c00000, 0x0000000082d00000, 0x0000000082d00000|100%| O|  |TAMS 0x0000000082d00000, 0x0000000082c00000| Untracked 
|  45|0x0000000082d00000, 0x0000000082e00000, 0x0000000082e00000|100%| O|  |TAMS 0x0000000082e00000, 0x0000000082d00000| Untracked 
|  46|0x0000000082e00000, 0x0000000082f00000, 0x0000000082f00000|100%| O|  |TAMS 0x0000000082f00000, 0x0000000082e00000| Untracked 
|  47|0x0000000082f00000, 0x0000000083000000, 0x0000000083000000|100%| O|  |TAMS 0x0000000083000000, 0x0000000082f00000| Untracked 
|  48|0x0000000083000000, 0x0000000083100000, 0x0000000083100000|100%| O|  |TAMS 0x0000000083100000, 0x0000000083000000| Untracked 
|  49|0x0000000083100000, 0x0000000083200000, 0x0000000083200000|100%| O|  |TAMS 0x0000000083200000, 0x0000000083100000| Untracked 
|  50|0x0000000083200000, 0x0000000083300000, 0x0000000083300000|100%| O|  |TAMS 0x0000000083300000, 0x0000000083200000| Untracked 
|  51|0x0000000083300000, 0x0000000083400000, 0x0000000083400000|100%| O|  |TAMS 0x0000000083400000, 0x0000000083300000| Untracked 
|  52|0x0000000083400000, 0x0000000083500000, 0x0000000083500000|100%| O|  |TAMS 0x0000000083500000, 0x0000000083400000| Untracked 
|  53|0x0000000083500000, 0x0000000083600000, 0x0000000083600000|100%|HS|  |TAMS 0x0000000083600000, 0x0000000083500000| Complete 
|  54|0x0000000083600000, 0x0000000083700000, 0x0000000083700000|100%|HS|  |TAMS 0x0000000083700000, 0x0000000083600000| Complete 
|  55|0x0000000083700000, 0x0000000083800000, 0x0000000083800000|100%| O|  |TAMS 0x0000000083800000, 0x0000000083700000| Untracked 
|  56|0x0000000083800000, 0x0000000083900000, 0x0000000083900000|100%| O|  |TAMS 0x0000000083900000, 0x0000000083800000| Untracked 
|  57|0x0000000083900000, 0x0000000083a00000, 0x0000000083a00000|100%| O|  |TAMS 0x0000000083a00000, 0x0000000083900000| Untracked 
|  58|0x0000000083a00000, 0x0000000083b00000, 0x0000000083b00000|100%| O|  |TAMS 0x0000000083b00000, 0x0000000083a00000| Untracked 
|  59|0x0000000083b00000, 0x0000000083c00000, 0x0000000083c00000|100%| O|  |TAMS 0x0000000083c00000, 0x0000000083b00000| Untracked 
|  60|0x0000000083c00000, 0x0000000083d00000, 0x0000000083d00000|100%| O|  |TAMS 0x0000000083d00000, 0x0000000083c00000| Untracked 
|  61|0x0000000083d00000, 0x0000000083e00000, 0x0000000083e00000|100%| O|  |TAMS 0x0000000083e00000, 0x0000000083d00000| Untracked 
|  62|0x0000000083e00000, 0x0000000083f00000, 0x0000000083f00000|100%| O|  |TAMS 0x0000000083f00000, 0x0000000083e00000| Untracked 
|  63|0x0000000083f00000, 0x0000000084000000, 0x0000000084000000|100%| O|  |TAMS 0x0000000084000000, 0x0000000083f00000| Untracked 
|  64|0x0000000084000000, 0x0000000084100000, 0x0000000084100000|100%| O|  |TAMS 0x0000000084100000, 0x0000000084000000| Untracked 
|  65|0x0000000084100000, 0x0000000084200000, 0x0000000084200000|100%| O|  |TAMS 0x0000000084200000, 0x0000000084100000| Untracked 
|  66|0x0000000084200000, 0x0000000084300000, 0x0000000084300000|100%| O|  |TAMS 0x0000000084300000, 0x0000000084200000| Untracked 
|  67|0x0000000084300000, 0x00000000843df400, 0x0000000084400000| 87%| O|  |TAMS 0x00000000843df400, 0x0000000084300000| Untracked 
|  68|0x0000000084400000, 0x0000000084400000, 0x0000000084500000|  0%| F|  |TAMS 0x0000000084400000, 0x0000000084400000| Untracked 
|  69|0x0000000084500000, 0x0000000084600000, 0x0000000084600000|100%| O|  |TAMS 0x0000000084600000, 0x0000000084500000| Untracked 
|  70|0x0000000084600000, 0x0000000084700000, 0x0000000084700000|100%| O|  |TAMS 0x0000000084700000, 0x0000000084600000| Untracked 
|  71|0x0000000084700000, 0x0000000084800000, 0x0000000084800000|100%| O|  |TAMS 0x0000000084800000, 0x0000000084700000| Untracked 
|  72|0x0000000084800000, 0x0000000084900000, 0x0000000084900000|100%| O|  |TAMS 0x0000000084900000, 0x0000000084800000| Untracked 
|  73|0x0000000084900000, 0x0000000084900000, 0x0000000084a00000|  0%| F|  |TAMS 0x0000000084900000, 0x0000000084900000| Untracked 
|  74|0x0000000084a00000, 0x0000000084a00000, 0x0000000084b00000|  0%| F|  |TAMS 0x0000000084a00000, 0x0000000084a00000| Untracked 
|  75|0x0000000084b00000, 0x0000000084b00000, 0x0000000084c00000|  0%| F|  |TAMS 0x0000000084b00000, 0x0000000084b00000| Untracked 
|  76|0x0000000084c00000, 0x0000000084c00000, 0x0000000084d00000|  0%| F|  |TAMS 0x0000000084c00000, 0x0000000084c00000| Untracked 
|  77|0x0000000084d00000, 0x0000000084d00000, 0x0000000084e00000|  0%| F|  |TAMS 0x0000000084d00000, 0x0000000084d00000| Untracked 
|  78|0x0000000084e00000, 0x0000000084e00000, 0x0000000084f00000|  0%| F|  |TAMS 0x0000000084e00000, 0x0000000084e00000| Untracked 
|  79|0x0000000084f00000, 0x0000000084f00000, 0x0000000085000000|  0%| F|  |TAMS 0x0000000084f00000, 0x0000000084f00000| Untracked 
|  80|0x0000000085000000, 0x0000000085000000, 0x0000000085100000|  0%| F|  |TAMS 0x0000000085000000, 0x0000000085000000| Untracked 
|  81|0x0000000085100000, 0x0000000085100000, 0x0000000085200000|  0%| F|  |TAMS 0x0000000085100000, 0x0000000085100000| Untracked 
|  82|0x0000000085200000, 0x0000000085200000, 0x0000000085300000|  0%| F|  |TAMS 0x0000000085200000, 0x0000000085200000| Untracked 
|  83|0x0000000085300000, 0x0000000085300000, 0x0000000085400000|  0%| F|  |TAMS 0x0000000085300000, 0x0000000085300000| Untracked 
|  84|0x0000000085400000, 0x0000000085400000, 0x0000000085500000|  0%| F|  |TAMS 0x0000000085400000, 0x0000000085400000| Untracked 
|  85|0x0000000085500000, 0x0000000085500000, 0x0000000085600000|  0%| F|  |TAMS 0x0000000085500000, 0x0000000085500000| Untracked 
|  86|0x0000000085600000, 0x0000000085600000, 0x0000000085700000|  0%| F|  |TAMS 0x0000000085600000, 0x0000000085600000| Untracked 
|  87|0x0000000085700000, 0x0000000085700000, 0x0000000085800000|  0%| F|  |TAMS 0x0000000085700000, 0x0000000085700000| Untracked 
|  88|0x0000000085800000, 0x00000000858e5d58, 0x0000000085900000| 89%| S|CS|TAMS 0x0000000085800000, 0x0000000085800000| Complete 
|  89|0x0000000085900000, 0x0000000085a00000, 0x0000000085a00000|100%| S|CS|TAMS 0x0000000085900000, 0x0000000085900000| Complete 
|  90|0x0000000085a00000, 0x0000000085b00000, 0x0000000085b00000|100%| S|CS|TAMS 0x0000000085a00000, 0x0000000085a00000| Complete 
|  91|0x0000000085b00000, 0x0000000085b00000, 0x0000000085c00000|  0%| F|  |TAMS 0x0000000085b00000, 0x0000000085b00000| Untracked 
|  92|0x0000000085c00000, 0x0000000085c00000, 0x0000000085d00000|  0%| F|  |TAMS 0x0000000085c00000, 0x0000000085c00000| Untracked 
|  93|0x0000000085d00000, 0x0000000085d00000, 0x0000000085e00000|  0%| F|  |TAMS 0x0000000085d00000, 0x0000000085d00000| Untracked 
|  94|0x0000000085e00000, 0x0000000085f00000, 0x0000000085f00000|100%| S|CS|TAMS 0x0000000085e00000, 0x0000000085e00000| Complete 
|  95|0x0000000085f00000, 0x0000000086000000, 0x0000000086000000|100%| S|CS|TAMS 0x0000000085f00000, 0x0000000085f00000| Complete 
|  96|0x0000000086000000, 0x0000000086000000, 0x0000000086100000|  0%| F|  |TAMS 0x0000000086000000, 0x0000000086000000| Untracked 
|  97|0x0000000086100000, 0x0000000086100000, 0x0000000086200000|  0%| F|  |TAMS 0x0000000086100000, 0x0000000086100000| Untracked 
|  98|0x0000000086200000, 0x0000000086200000, 0x0000000086300000|  0%| F|  |TAMS 0x0000000086200000, 0x0000000086200000| Untracked 
|  99|0x0000000086300000, 0x0000000086300000, 0x0000000086400000|  0%| F|  |TAMS 0x0000000086300000, 0x0000000086300000| Untracked 
| 100|0x0000000086400000, 0x0000000086400000, 0x0000000086500000|  0%| F|  |TAMS 0x0000000086400000, 0x0000000086400000| Untracked 
| 101|0x0000000086500000, 0x0000000086500000, 0x0000000086600000|  0%| F|  |TAMS 0x0000000086500000, 0x0000000086500000| Untracked 
| 102|0x0000000086600000, 0x0000000086600000, 0x0000000086700000|  0%| F|  |TAMS 0x0000000086600000, 0x0000000086600000| Untracked 
| 103|0x0000000086700000, 0x0000000086700000, 0x0000000086800000|  0%| F|  |TAMS 0x0000000086700000, 0x0000000086700000| Untracked 
| 104|0x0000000086800000, 0x0000000086800000, 0x0000000086900000|  0%| F|  |TAMS 0x0000000086800000, 0x0000000086800000| Untracked 
| 105|0x0000000086900000, 0x0000000086900000, 0x0000000086a00000|  0%| F|  |TAMS 0x0000000086900000, 0x0000000086900000| Untracked 
| 106|0x0000000086a00000, 0x0000000086a00000, 0x0000000086b00000|  0%| F|  |TAMS 0x0000000086a00000, 0x0000000086a00000| Untracked 
| 107|0x0000000086b00000, 0x0000000086c00000, 0x0000000086c00000|100%| E|  |TAMS 0x0000000086b00000, 0x0000000086b00000| Complete 
| 108|0x0000000086c00000, 0x0000000086d00000, 0x0000000086d00000|100%| E|CS|TAMS 0x0000000086c00000, 0x0000000086c00000| Complete 
| 109|0x0000000086d00000, 0x0000000086e00000, 0x0000000086e00000|100%| E|CS|TAMS 0x0000000086d00000, 0x0000000086d00000| Complete 
| 110|0x0000000086e00000, 0x0000000086f00000, 0x0000000086f00000|100%| E|CS|TAMS 0x0000000086e00000, 0x0000000086e00000| Complete 
| 111|0x0000000086f00000, 0x0000000087000000, 0x0000000087000000|100%| E|CS|TAMS 0x0000000086f00000, 0x0000000086f00000| Complete 
| 112|0x0000000087000000, 0x0000000087100000, 0x0000000087100000|100%| E|CS|TAMS 0x0000000087000000, 0x0000000087000000| Complete 
| 113|0x0000000087100000, 0x0000000087200000, 0x0000000087200000|100%| E|CS|TAMS 0x0000000087100000, 0x0000000087100000| Complete 
| 114|0x0000000087200000, 0x0000000087300000, 0x0000000087300000|100%| E|CS|TAMS 0x0000000087200000, 0x0000000087200000| Complete 
| 115|0x0000000087300000, 0x0000000087400000, 0x0000000087400000|100%| E|CS|TAMS 0x0000000087300000, 0x0000000087300000| Complete 
| 116|0x0000000087400000, 0x0000000087500000, 0x0000000087500000|100%| E|CS|TAMS 0x0000000087400000, 0x0000000087400000| Complete 
| 117|0x0000000087500000, 0x0000000087600000, 0x0000000087600000|100%| E|CS|TAMS 0x0000000087500000, 0x0000000087500000| Complete 
| 118|0x0000000087600000, 0x0000000087700000, 0x0000000087700000|100%| E|CS|TAMS 0x0000000087600000, 0x0000000087600000| Complete 
| 119|0x0000000087700000, 0x0000000087800000, 0x0000000087800000|100%| E|CS|TAMS 0x0000000087700000, 0x0000000087700000| Complete 
| 120|0x0000000087800000, 0x0000000087900000, 0x0000000087900000|100%| E|CS|TAMS 0x0000000087800000, 0x0000000087800000| Complete 
| 121|0x0000000087900000, 0x0000000087a00000, 0x0000000087a00000|100%| E|CS|TAMS 0x0000000087900000, 0x0000000087900000| Complete 
| 122|0x0000000087a00000, 0x0000000087b00000, 0x0000000087b00000|100%| E|CS|TAMS 0x0000000087a00000, 0x0000000087a00000| Complete 
| 123|0x0000000087b00000, 0x0000000087c00000, 0x0000000087c00000|100%| E|CS|TAMS 0x0000000087b00000, 0x0000000087b00000| Complete 
| 124|0x0000000087c00000, 0x0000000087d00000, 0x0000000087d00000|100%| E|CS|TAMS 0x0000000087c00000, 0x0000000087c00000| Complete 
| 125|0x0000000087d00000, 0x0000000087e00000, 0x0000000087e00000|100%| E|CS|TAMS 0x0000000087d00000, 0x0000000087d00000| Complete 

Card table byte_map: [0x00000204a5720000,0x00000204a5b20000] _byte_map_base: 0x00000204a5320000

Marking Bits (Prev, Next): (CMBitMap*) 0x000002048d8c2fd0, (CMBitMap*) 0x000002048d8c2f98
 Prev Bits: [0x00000204a7f20000, 0x00000204a9f20000)
 Next Bits: [0x00000204a5f20000, 0x00000204a7f20000)

Polling page: 0x000002048ba10000

Metaspace:

Usage:
  Non-class:     75.46 MB capacity,    74.04 MB ( 98%) used,     1.16 MB (  2%) free+waste,   269.19 KB ( <1%) overhead. 
      Class:     12.00 MB capacity,    10.98 MB ( 92%) used,   916.82 KB (  7%) free+waste,   127.44 KB (  1%) overhead. 
       Both:     87.46 MB capacity,    85.02 MB ( 97%) used,     2.06 MB (  2%) free+waste,   396.63 KB ( <1%) overhead. 

Virtual space:
  Non-class space:       76.00 MB reserved,      75.51 MB (>99%) committed 
      Class space:      504.00 MB reserved,      12.13 MB (  2%) committed 
             Both:      580.00 MB reserved,      87.63 MB ( 15%) committed 

Chunk freelists:
   Non-Class:  47.00 KB
       Class:  29.00 KB
        Both:  76.00 KB

MaxMetaspaceSize: 512.00 MB
CompressedClassSpaceSize: 504.00 MB
Initial GC threshold: 20.80 MB
Current GC threshold: 143.14 MB
CDS: off

CodeHeap 'non-profiled nmethods': size=120000Kb used=6261Kb max_used=6261Kb free=113738Kb
 bounds [0x000002049dac0000, 0x000002049e0e0000, 0x00000204a4ff0000]
CodeHeap 'profiled nmethods': size=120000Kb used=21745Kb max_used=21745Kb free=98254Kb
 bounds [0x0000020496590000, 0x0000020497ad0000, 0x000002049dac0000]
CodeHeap 'non-nmethods': size=5760Kb used=2390Kb max_used=2433Kb free=3369Kb
 bounds [0x0000020495ff0000, 0x0000020496260000, 0x0000020496590000]
 total_blobs=10635 nmethods=9719 adapters=827
 compilation: enabled
              stopped_count=0, restarted_count=0
 full_count=0

Compilation events (20 events):
Event: 287.340 Thread 0x00000204ac980000 nmethod 9767 0x0000020497ac1690 code [0x0000020497ac1860, 0x0000020497ac1af8]
Event: 287.371 Thread 0x00000204ac980000 9768       1       com.android.build.gradle.internal.services.ProjectServices::getObjectFactory (5 bytes)
Event: 287.373 Thread 0x00000204ac980000 nmethod 9768 0x000002049e0d8f90 code [0x000002049e0d9140, 0x000002049e0d91f8]
Event: 287.389 Thread 0x00000204ac97c000 nmethod 9762% 0x000002049e0d9290 code [0x000002049e0d9460, 0x000002049e0da308]
Event: 287.390 Thread 0x00000204ac97c000 9764       4       org.objectweb.asm.MethodWriter::putFrame (549 bytes)
Event: 287.527 Thread 0x00000204ac97c000 nmethod 9764 0x000002049e0da890 code [0x000002049e0dab20, 0x000002049e0dbb08]
Event: 287.774 Thread 0x00000204ac97c000 9769       4       java.lang.ThreadLocal::get (38 bytes)
Event: 287.777 Thread 0x00000204ac980000 9770       3       kotlin.SynchronizedLazyImpl::<init> (34 bytes)
Event: 287.780 Thread 0x00000204ac980000 nmethod 9770 0x0000020497ac1c90 code [0x0000020497ac1ec0, 0x0000020497ac2618]
Event: 287.780 Thread 0x00000204ac980000 9771       3       org.slf4j.LoggerFactory::getLogger (12 bytes)
Event: 287.780 Thread 0x00000204ac980000 nmethod 9771 0x0000020497ac2890 code [0x0000020497ac2a60, 0x0000020497ac2c38]
Event: 287.780 Thread 0x00000204ac980000 9772       3       org.gradle.internal.logging.slf4j.OutputEventListenerBackedLoggerContext::getLogger (69 bytes)
Event: 287.781 Thread 0x00000204ac980000 nmethod 9772 0x0000020497ac2d10 code [0x0000020497ac2f40, 0x0000020497ac38e8]
Event: 287.784 Thread 0x00000204ac980000 9773       3       java.lang.Class::getFactory (9 bytes)
Event: 287.785 Thread 0x00000204ac980000 nmethod 9773 0x0000020497ac3b10 code [0x0000020497ac3d00, 0x0000020497ac4258]
Event: 287.786 Thread 0x00000204ac97c000 nmethod 9769 0x000002049e0dc990 code [0x000002049e0dcb60, 0x000002049e0dcdd0]
Event: 287.786 Thread 0x00000204ac97c000 9774       4       org.gradle.internal.instantiation.generator.AbstractClassGenerator$ClassMetadata::property (42 bytes)
Event: 287.792 Thread 0x00000204ac980000 9775   !   3       com.sun.proxy.$Proxy1::value (29 bytes)
Event: 287.792 Thread 0x00000204ac980000 nmethod 9775 0x0000020497ac4410 code [0x0000020497ac4600, 0x0000020497ac49d8]
Event: 287.794 Thread 0x00000204ac980000 9777       3       org.gradle.internal.reflect.JavaReflectionUtil::getWrapperTypeForPrimitiveType (101 bytes)

GC Heap History (20 events):
Event: 174.020 GC heap before
{Heap before GC invocations=16 (full 0):
 garbage-first heap   total 129024K, used 103094K [0x0000000080000000, 0x0000000100000000)
  region size 1024K, 58 young (59392K), 4 survivors (4096K)
 Metaspace       used 66697K, capacity 68635K, committed 68872K, reserved 577536K
  class space    used 8652K, capacity 9436K, committed 9472K, reserved 516096K
}
Event: 174.040 GC heap after
{Heap after GC invocations=17 (full 0):
 garbage-first heap   total 129024K, used 50965K [0x0000000080000000, 0x0000000100000000)
  region size 1024K, 8 young (8192K), 8 survivors (8192K)
 Metaspace       used 66697K, capacity 68635K, committed 68872K, reserved 577536K
  class space    used 8652K, capacity 9436K, committed 9472K, reserved 516096K
}
Event: 184.138 GC heap before
{Heap before GC invocations=17 (full 0):
 garbage-first heap   total 129024K, used 103189K [0x0000000080000000, 0x0000000100000000)
  region size 1024K, 59 young (60416K), 8 survivors (8192K)
 Metaspace       used 69426K, capacity 71539K, committed 71688K, reserved 579584K
  class space    used 9020K, capacity 9895K, committed 9984K, reserved 516096K
}
Event: 184.153 GC heap after
{Heap after GC invocations=18 (full 0):
 garbage-first heap   total 129024K, used 54379K [0x0000000080000000, 0x0000000100000000)
  region size 1024K, 7 young (7168K), 7 survivors (7168K)
 Metaspace       used 69426K, capacity 71539K, committed 71688K, reserved 579584K
  class space    used 9020K, capacity 9895K, committed 9984K, reserved 516096K
}
Event: 194.960 GC heap before
{Heap before GC invocations=18 (full 0):
 garbage-first heap   total 129024K, used 102507K [0x0000000080000000, 0x0000000100000000)
  region size 1024K, 55 young (56320K), 7 survivors (7168K)
 Metaspace       used 73050K, capacity 75353K, committed 75528K, reserved 581632K
  class space    used 9500K, capacity 10437K, committed 10496K, reserved 516096K
}
Event: 194.980 GC heap after
{Heap after GC invocations=19 (full 0):
 garbage-first heap   total 129024K, used 58690K [0x0000000080000000, 0x0000000100000000)
  region size 1024K, 5 young (5120K), 5 survivors (5120K)
 Metaspace       used 73050K, capacity 75353K, committed 75528K, reserved 581632K
  class space    used 9500K, capacity 10437K, committed 10496K, reserved 516096K
}
Event: 204.508 GC heap before
{Heap before GC invocations=19 (full 0):
 garbage-first heap   total 129024K, used 104770K [0x0000000080000000, 0x0000000100000000)
  region size 1024K, 49 young (50176K), 5 survivors (5120K)
 Metaspace       used 76722K, capacity 79066K, committed 79240K, reserved 585728K
  class space    used 9894K, capacity 10832K, committed 10880K, reserved 516096K
}
Event: 204.533 GC heap after
{Heap after GC invocations=20 (full 0):
 garbage-first heap   total 129024K, used 64371K [0x0000000080000000, 0x0000000100000000)
  region size 1024K, 5 young (5120K), 5 survivors (5120K)
 Metaspace       used 76722K, capacity 79066K, committed 79240K, reserved 585728K
  class space    used 9894K, capacity 10832K, committed 10880K, reserved 516096K
}
Event: 208.864 GC heap before
{Heap before GC invocations=20 (full 0):
 garbage-first heap   total 129024K, used 82803K [0x0000000080000000, 0x0000000100000000)
  region size 1024K, 24 young (24576K), 5 survivors (5120K)
 Metaspace       used 79572K, capacity 82033K, committed 82184K, reserved 587776K
  class space    used 10221K, capacity 11226K, committed 11264K, reserved 516096K
}
Event: 208.939 GC heap after
{Heap after GC invocations=21 (full 0):
 garbage-first heap   total 129024K, used 67518K [0x0000000080000000, 0x0000000100000000)
  region size 1024K, 4 young (4096K), 4 survivors (4096K)
 Metaspace       used 79572K, capacity 82033K, committed 82184K, reserved 587776K
  class space    used 10221K, capacity 11226K, committed 11264K, reserved 516096K
}
Event: 210.006 GC heap before
{Heap before GC invocations=22 (full 0):
 garbage-first heap   total 129024K, used 83902K [0x0000000080000000, 0x0000000100000000)
  region size 1024K, 15 young (15360K), 4 survivors (4096K)
 Metaspace       used 79559K, capacity 82003K, committed 82184K, reserved 587776K
  class space    used 10216K, capacity 11216K, committed 11264K, reserved 516096K
}
Event: 210.022 GC heap after
{Heap after GC invocations=23 (full 0):
 garbage-first heap   total 129024K, used 74408K [0x0000000080000000, 0x0000000100000000)
  region size 1024K, 4 young (4096K), 4 survivors (4096K)
 Metaspace       used 79559K, capacity 82003K, committed 82184K, reserved 587776K
  class space    used 10216K, capacity 11216K, committed 11264K, reserved 516096K
}
Event: 214.328 GC heap before
{Heap before GC invocations=24 (full 0):
 garbage-first heap   total 129024K, used 106152K [0x0000000080000000, 0x0000000100000000)
  region size 1024K, 33 young (33792K), 4 survivors (4096K)
 Metaspace       used 81894K, capacity 84320K, committed 84488K, reserved 589824K
  class space    used 10512K, capacity 11512K, committed 11520K, reserved 516096K
}
Event: 214.349 GC heap after
{Heap after GC invocations=25 (full 0):
 garbage-first heap   total 129024K, used 72590K [0x0000000080000000, 0x0000000100000000)
  region size 1024K, 4 young (4096K), 4 survivors (4096K)
 Metaspace       used 81894K, capacity 84320K, committed 84488K, reserved 589824K
  class space    used 10512K, capacity 11512K, committed 11520K, reserved 516096K
}
Event: 216.901 GC heap before
{Heap before GC invocations=25 (full 0):
 garbage-first heap   total 129024K, used 91022K [0x0000000080000000, 0x0000000100000000)
  region size 1024K, 24 young (24576K), 4 survivors (4096K)
 Metaspace       used 83693K, capacity 86042K, committed 86280K, reserved 591872K
  class space    used 10764K, capacity 11743K, committed 11776K, reserved 516096K
}
Event: 216.911 GC heap after
{Heap after GC invocations=26 (full 0):
 garbage-first heap   total 129024K, used 74117K [0x0000000080000000, 0x0000000100000000)
  region size 1024K, 2 young (2048K), 2 survivors (2048K)
 Metaspace       used 83693K, capacity 86042K, committed 86280K, reserved 591872K
  class space    used 10764K, capacity 11743K, committed 11776K, reserved 516096K
}
Event: 222.138 GC heap before
{Heap before GC invocations=27 (full 0):
 garbage-first heap   total 129024K, used 105861K [0x0000000080000000, 0x0000000100000000)
  region size 1024K, 32 young (32768K), 2 survivors (2048K)
 Metaspace       used 84915K, capacity 87405K, committed 87560K, reserved 591872K
  class space    used 10959K, capacity 11959K, committed 12032K, reserved 516096K
}
Event: 222.145 GC heap after
{Heap after GC invocations=28 (full 0):
 garbage-first heap   total 129024K, used 75639K [0x0000000080000000, 0x0000000100000000)
  region size 1024K, 3 young (3072K), 3 survivors (3072K)
 Metaspace       used 84915K, capacity 87405K, committed 87560K, reserved 591872K
  class space    used 10959K, capacity 11959K, committed 12032K, reserved 516096K
}
Event: 276.796 GC heap before
{Heap before GC invocations=28 (full 0):
 garbage-first heap   total 129024K, used 106359K [0x0000000080000000, 0x0000000100000000)
  region size 1024K, 33 young (33792K), 3 survivors (3072K)
 Metaspace       used 85256K, capacity 87702K, committed 87944K, reserved 593920K
  class space    used 10997K, capacity 12034K, committed 12160K, reserved 516096K
}
Event: 277.115 GC heap after
{Heap after GC invocations=29 (full 0):
 garbage-first heap   total 129024K, used 78612K [0x0000000080000000, 0x0000000100000000)
  region size 1024K, 5 young (5120K), 5 survivors (5120K)
 Metaspace       used 85256K, capacity 87702K, committed 87944K, reserved 593920K
  class space    used 10997K, capacity 12034K, committed 12160K, reserved 516096K
}

Deoptimization events (20 events):
Event: 222.104 Thread 0x00000204af21a800 DEOPT PACKING pc=0x000002049dd9c56c sp=0x000000bf942f3210
Event: 222.104 Thread 0x00000204af21a800 DEOPT UNPACKING pc=0x000002049603a1af sp=0x000000bf942f3140 mode 2
Event: 223.288 Thread 0x00000204af21a800 Uncommon trap: trap_request=0xfffffff4 fr.pc=0x000002049e07aa50 relative=0x0000000000000ab0
Event: 223.288 Thread 0x00000204af21a800 Uncommon trap: reason=null_check action=make_not_entrant pc=0x000002049e07aa50 method=com.sun.beans.introspect.MethodInfo$MethodOrder.compare(Ljava/lang/reflect/Method;Ljava/lang/reflect/Method;)I @ 145 c2
Event: 223.288 Thread 0x00000204af21a800 DEOPT PACKING pc=0x000002049e07aa50 sp=0x000000bf942f1da0
Event: 223.288 Thread 0x00000204af21a800 DEOPT UNPACKING pc=0x000002049603a1af sp=0x000000bf942f1d40 mode 2
Event: 223.319 Thread 0x00000204af21a800 Uncommon trap: trap_request=0xfffffff4 fr.pc=0x000002049e077f84 relative=0x00000000000029c4
Event: 223.319 Thread 0x00000204af21a800 Uncommon trap: reason=null_check action=make_not_entrant pc=0x000002049e077f84 method=java.lang.PublicMethods$MethodList.getMostSpecific()Ljava/lang/reflect/Method; @ 41 c2
Event: 223.319 Thread 0x00000204af21a800 DEOPT PACKING pc=0x000002049e077f84 sp=0x000000bf942f30b0
Event: 223.319 Thread 0x00000204af21a800 DEOPT UNPACKING pc=0x000002049603a1af sp=0x000000bf942f2fb0 mode 2
Event: 279.016 Thread 0x00000204af21a800 DEOPT PACKING pc=0x00000204972d72f0 sp=0x000000bf942f1280
Event: 279.025 Thread 0x00000204af21a800 DEOPT UNPACKING pc=0x000002049603a95e sp=0x000000bf942f0760 mode 0
Event: 279.479 Thread 0x00000204af21a800 Uncommon trap: trap_request=0xffffffde fr.pc=0x000002049de205f8 relative=0x0000000000001878
Event: 279.479 Thread 0x00000204af21a800 Uncommon trap: reason=class_check action=maybe_recompile pc=0x000002049de205f8 method=java.lang.Class.createAnnotationData(I)Ljava/lang/Class$AnnotationData; @ 103 c2
Event: 279.493 Thread 0x00000204af21a800 DEOPT PACKING pc=0x000002049de205f8 sp=0x000000bf942ef3a0
Event: 279.516 Thread 0x00000204af21a800 DEOPT UNPACKING pc=0x000002049603a1af sp=0x000000bf942ef340 mode 2
Event: 279.895 Thread 0x00000204af21a800 Uncommon trap: trap_request=0xffffffde fr.pc=0x000002049de205f8 relative=0x0000000000001878
Event: 279.895 Thread 0x00000204af21a800 Uncommon trap: reason=class_check action=maybe_recompile pc=0x000002049de205f8 method=java.lang.Class.createAnnotationData(I)Ljava/lang/Class$AnnotationData; @ 103 c2
Event: 279.895 Thread 0x00000204af21a800 DEOPT PACKING pc=0x000002049de205f8 sp=0x000000bf942ef520
Event: 279.895 Thread 0x00000204af21a800 DEOPT UNPACKING pc=0x000002049603a1af sp=0x000000bf942ef4c0 mode 2

Classes redefined (0 events):
No events

Internal exceptions (20 events):
Event: 223.494 Thread 0x00000204af21a800 Exception <a 'java/lang/ClassNotFoundException'{0x00000000868b7dd8}: org/gradle/api/internal/artifacts/dependencies/DefaultExternalModuleDependencyCustomizer> (0x00000000868b7dd8) thrown at [s\src\hotspot\share\classfile\systemDictionary.cpp, line 230]
Event: 223.499 Thread 0x00000204af21a800 Exception <a 'java/lang/ClassNotFoundException'{0x00000000867178d8}: org/gradle/api/internal/artifacts/dependencies/DefaultExternalModuleDependency_DecoratedCustomizer> (0x00000000867178d8) thrown at [s\src\hotspot\share\classfile\systemDictionary.cpp, line 230]
Event: 272.436 Thread 0x00000204af21a800 Exception <a 'java/lang/ClassNotFoundException'{0x00000000864b6150}: org/gradle/api/DefaultTask_DecoratedBeanInfo> (0x00000000864b6150) thrown at [s\src\hotspot\share\classfile\systemDictionary.cpp, line 230]
Event: 272.623 Thread 0x00000204af21a800 Exception <a 'java/lang/ClassNotFoundException'{0x00000000864e2dd0}: org/gradle/api/DefaultTaskBeanInfo> (0x00000000864e2dd0) thrown at [s\src\hotspot\share\classfile\systemDictionary.cpp, line 230]
Event: 272.760 Thread 0x00000204af21a800 Exception <a 'java/lang/ClassNotFoundException'{0x00000000863140d8}: org/gradle/api/internal/AbstractTaskBeanInfo> (0x00000000863140d8) thrown at [s\src\hotspot\share\classfile\systemDictionary.cpp, line 230]
Event: 272.779 Thread 0x00000204af21a800 Exception <a 'java/lang/ClassNotFoundException'{0x0000000086345500}: org/gradle/api/internal/AbstractTaskCustomizer> (0x0000000086345500) thrown at [s\src\hotspot\share\classfile\systemDictionary.cpp, line 230]
Event: 273.085 Thread 0x00000204af21a800 Exception <a 'java/lang/ClassNotFoundException'{0x00000000863c44a8}: org/gradle/api/DefaultTaskCustomizer> (0x00000000863c44a8) thrown at [s\src\hotspot\share\classfile\systemDictionary.cpp, line 230]
Event: 273.094 Thread 0x00000204af21a800 Exception <a 'java/lang/ClassNotFoundException'{0x000000008624d730}: org/gradle/api/DefaultTask_DecoratedCustomizer> (0x000000008624d730) thrown at [s\src\hotspot\share\classfile\systemDictionary.cpp, line 230]
Event: 276.215 Thread 0x00000204af21a800 Exception <a 'java/lang/ClassNotFoundException'{0x0000000086183240}: com/android/build/gradle/internal/api/DefaultAndroidSourceSet_DecoratedBeanInfo> (0x0000000086183240) thrown at [s\src\hotspot\share\classfile\systemDictionary.cpp, line 230]
Event: 276.274 Thread 0x00000204af21a800 Exception <a 'java/lang/ClassNotFoundException'{0x00000000861a5d70}: com/android/build/gradle/internal/api/DefaultAndroidSourceSetBeanInfo> (0x00000000861a5d70) thrown at [s\src\hotspot\share\classfile\systemDictionary.cpp, line 230]
Event: 276.276 Thread 0x00000204af21a800 Exception <a 'java/lang/ClassNotFoundException'{0x00000000861c39a8}: com/android/build/gradle/internal/api/DefaultAndroidSourceSetCustomizer> (0x00000000861c39a8) thrown at [s\src\hotspot\share\classfile\systemDictionary.cpp, line 230]
Event: 276.390 Thread 0x00000204af21a800 Exception <a 'java/lang/ClassNotFoundException'{0x0000000086039908}: com/android/build/gradle/internal/api/DefaultAndroidSourceSet_DecoratedCustomizer> (0x0000000086039908) thrown at [s\src\hotspot\share\classfile\systemDictionary.cpp, line 230]
Event: 278.816 Thread 0x00000204af21a800 Exception <a 'java/lang/ClassNotFoundException'{0x0000000087d7d6c8}: com/android/build/gradle/internal/api/DefaultAndroidSourceDirectorySetBeanInfo> (0x0000000087d7d6c8) thrown at [s\src\hotspot\share\classfile\systemDictionary.cpp, line 230]
Event: 278.819 Thread 0x00000204af21a800 Exception <a 'java/lang/ClassNotFoundException'{0x0000000087daf380}: com/android/build/gradle/internal/api/DefaultAndroidSourceDirectorySetCustomizer> (0x0000000087daf380) thrown at [s\src\hotspot\share\classfile\systemDictionary.cpp, line 230]
Event: 279.062 Thread 0x00000204af21a800 Exception <a 'java/lang/ClassNotFoundException'{0x0000000087cdd808}: com/google/common/collect/SingletonImmutableSetBeanInfo> (0x0000000087cdd808) thrown at [s\src\hotspot\share\classfile\systemDictionary.cpp, line 230]
Event: 279.069 Thread 0x00000204af21a800 Exception <a 'java/lang/ClassNotFoundException'{0x0000000087cf8738}: com/google/common/collect/ImmutableSetBeanInfo> (0x0000000087cf8738) thrown at [s\src\hotspot\share\classfile\systemDictionary.cpp, line 230]
Event: 279.071 Thread 0x00000204af21a800 Exception <a 'java/lang/ClassNotFoundException'{0x0000000087b14cf0}: com/google/common/collect/ImmutableCollectionBeanInfo> (0x0000000087b14cf0) thrown at [s\src\hotspot\share\classfile\systemDictionary.cpp, line 230]
Event: 279.072 Thread 0x00000204af21a800 Exception <a 'java/lang/ClassNotFoundException'{0x0000000087b310b0}: com/google/common/collect/ImmutableCollectionCustomizer> (0x0000000087b310b0) thrown at [s\src\hotspot\share\classfile\systemDictionary.cpp, line 230]
Event: 279.479 Thread 0x00000204af21a800 Exception <a 'java/lang/ClassNotFoundException'{0x0000000087b8cdb8}: com/google/common/collect/ImmutableSetCustomizer> (0x0000000087b8cdb8) thrown at [s\src\hotspot\share\classfile\systemDictionary.cpp, line 230]
Event: 279.895 Thread 0x00000204af21a800 Exception <a 'java/lang/ClassNotFoundException'{0x0000000087bc0838}: com/google/common/collect/SingletonImmutableSetCustomizer> (0x0000000087bc0838) thrown at [s\src\hotspot\share\classfile\systemDictionary.cpp, line 230]

Events (20 events):
Event: 287.747 loading class com/android/build/api/component/impl/AndroidTestImpl$renderscriptCreationConfig$2
Event: 287.747 loading class com/android/build/api/component/impl/AndroidTestImpl$renderscriptCreationConfig$2 done
Event: 287.750 loading class com/android/build/api/variant/impl/VariantApiExtensionsKt
Event: 287.750 loading class com/android/build/api/variant/impl/VariantApiExtensionsKt done
Event: 287.755 loading class com/android/build/api/variant/impl/AndroidVersionImpl
Event: 287.755 loading class com/android/build/api/variant/impl/AndroidVersionImpl done
Event: 287.759 loading class com/android/build/gradle/internal/core/dsl/impl/UnitTestComponentDslInfoImpl
Event: 287.759 loading class com/android/build/gradle/internal/core/dsl/impl/UnitTestComponentDslInfoImpl done
Event: 287.761 loading class com/android/build/gradle/internal/core/dsl/UnitTestComponentDslInfo
Event: 287.761 loading class com/android/build/gradle/internal/core/dsl/UnitTestComponentDslInfo done
Event: 287.763 loading class com/android/build/gradle/internal/core/dsl/impl/UnitTestComponentDslInfoImpl$namespace$2
Event: 287.763 loading class com/android/build/gradle/internal/core/dsl/impl/UnitTestComponentDslInfoImpl$namespace$2 done
Event: 287.778 loading class com/android/build/gradle/internal/scope/UnitTestBuildFeaturesValuesImpl
Event: 287.778 loading class com/android/build/gradle/internal/scope/UnitTestBuildFeaturesValuesImpl done
Event: 287.780 loading class com/android/build/gradle/internal/scope/UnitTestBuildFeatureValuesImpl
Event: 287.780 loading class com/android/build/gradle/internal/scope/UnitTestBuildFeatureValuesImpl done
Event: 287.799 loading class com/android/build/api/component/impl/UnitTestImpl$androidResourcesCreationConfig$2
Event: 287.799 loading class com/android/build/api/component/impl/UnitTestImpl$androidResourcesCreationConfig$2 done
Event: 287.812 loading class com/android/build/api/component/impl/UnitTestImpl$manifestPlaceholdersCreationConfig$2
Event: 287.812 loading class com/android/build/api/component/impl/UnitTestImpl$manifestPlaceholdersCreationConfig$2 done


Dynamic libraries:
0x00007ff79c660000 - 0x00007ff79c66d000 	C:\Program Files\Microsoft\jdk-11.0.20.8-hotspot\bin\java.exe
0x00007ffd73ef0000 - 0x00007ffd74107000 	C:\WINDOWS\SYSTEM32\ntdll.dll
0x00007ffd72a40000 - 0x00007ffd72b04000 	C:\WINDOWS\System32\KERNEL32.DLL
0x00007ffd712a0000 - 0x00007ffd71646000 	C:\WINDOWS\System32\KERNELBASE.dll
0x00007ffd718d0000 - 0x00007ffd719e1000 	C:\WINDOWS\System32\ucrtbase.dll
0x00007ffd21280000 - 0x00007ffd21297000 	C:\Program Files\Microsoft\jdk-11.0.20.8-hotspot\bin\jli.dll
0x00007ffd211a0000 - 0x00007ffd211b5000 	C:\Program Files\Microsoft\jdk-11.0.20.8-hotspot\bin\VCRUNTIME140.dll
0x00007ffd739b0000 - 0x00007ffd73b5d000 	C:\WINDOWS\System32\USER32.dll
0x00007ffd71270000 - 0x00007ffd71296000 	C:\WINDOWS\System32\win32u.dll
0x00007ffd73c10000 - 0x00007ffd73c39000 	C:\WINDOWS\System32\GDI32.dll
0x00007ffd719f0000 - 0x00007ffd71b08000 	C:\WINDOWS\System32\gdi32full.dll
0x00007ffd57d30000 - 0x00007ffd57fc3000 	C:\WINDOWS\WinSxS\amd64_microsoft.windows.common-controls_6595b64144ccf1df_6.0.22621.2361_none_2712ced57382f843\COMCTL32.dll
0x00007ffd73b60000 - 0x00007ffd73c07000 	C:\WINDOWS\System32\msvcrt.dll
0x00007ffd716c0000 - 0x00007ffd7175a000 	C:\WINDOWS\System32\msvcp_win.dll
0x00007ffd73680000 - 0x00007ffd736b1000 	C:\WINDOWS\System32\IMM32.DLL
0x00007ffd20e70000 - 0x00007ffd20f0b000 	C:\Program Files\Microsoft\jdk-11.0.20.8-hotspot\bin\msvcp140.dll
0x00007ffd202d0000 - 0x00007ffd20e66000 	C:\Program Files\Microsoft\jdk-11.0.20.8-hotspot\bin\server\jvm.dll
0x00007ffd73900000 - 0x00007ffd739b0000 	C:\WINDOWS\System32\ADVAPI32.dll
0x00007ffd72980000 - 0x00007ffd72a26000 	C:\WINDOWS\System32\sechost.dll
0x00007ffd72c20000 - 0x00007ffd72d37000 	C:\WINDOWS\System32\RPCRT4.dll
0x00007ffd72c10000 - 0x00007ffd72c18000 	C:\WINDOWS\System32\PSAPI.DLL
0x00007ffd4ea10000 - 0x00007ffd4ea19000 	C:\WINDOWS\SYSTEM32\WSOCK32.dll
0x00007ffd736c0000 - 0x00007ffd73731000 	C:\WINDOWS\System32\WS2_32.dll
0x00007ffd65750000 - 0x00007ffd65784000 	C:\WINDOWS\SYSTEM32\WINMM.dll
0x00007ffd5efc0000 - 0x00007ffd5efca000 	C:\WINDOWS\SYSTEM32\VERSION.dll
0x00007ffd702f0000 - 0x00007ffd70308000 	C:\WINDOWS\SYSTEM32\kernel.appcore.dll
0x00007ffd37ab0000 - 0x00007ffd37ac0000 	C:\Program Files\Microsoft\jdk-11.0.20.8-hotspot\bin\verify.dll
0x00007ffd6eb20000 - 0x00007ffd6ed4e000 	C:\WINDOWS\SYSTEM32\DBGHELP.DLL
0x00007ffd72270000 - 0x00007ffd725fa000 	C:\WINDOWS\System32\combase.dll
0x00007ffd72d40000 - 0x00007ffd72e17000 	C:\WINDOWS\System32\OLEAUT32.dll
0x00007ffd51ff0000 - 0x00007ffd52022000 	C:\WINDOWS\SYSTEM32\dbgcore.DLL
0x00007ffd71bd0000 - 0x00007ffd71c4a000 	C:\WINDOWS\System32\bcryptPrimitives.dll
0x00007ffd202a0000 - 0x00007ffd202c8000 	C:\Program Files\Microsoft\jdk-11.0.20.8-hotspot\bin\java.dll
0x00007ffd34d90000 - 0x00007ffd34d9a000 	C:\Program Files\Microsoft\jdk-11.0.20.8-hotspot\bin\jimage.dll
0x00007ffd1ffc0000 - 0x00007ffd1ffd8000 	C:\Program Files\Microsoft\jdk-11.0.20.8-hotspot\bin\zip.dll
0x00007ffd72e20000 - 0x00007ffd73678000 	C:\WINDOWS\System32\SHELL32.dll
0x00007ffd6f150000 - 0x00007ffd6fa42000 	C:\WINDOWS\SYSTEM32\windows.storage.dll
0x00007ffd6f010000 - 0x00007ffd6f14e000 	C:\WINDOWS\SYSTEM32\wintypes.dll
0x00007ffd72670000 - 0x00007ffd72763000 	C:\WINDOWS\System32\SHCORE.dll
0x00007ffd728d0000 - 0x00007ffd7292e000 	C:\WINDOWS\System32\shlwapi.dll
0x00007ffd711a0000 - 0x00007ffd711c6000 	C:\WINDOWS\SYSTEM32\profapi.dll
0x00007ffd1e5c0000 - 0x00007ffd1e5d9000 	C:\Program Files\Microsoft\jdk-11.0.20.8-hotspot\bin\net.dll
0x00007ffd66a40000 - 0x00007ffd66b77000 	C:\WINDOWS\SYSTEM32\WINHTTP.dll
0x00007ffd70820000 - 0x00007ffd70889000 	C:\WINDOWS\system32\mswsock.dll
0x00007ffd1e5a0000 - 0x00007ffd1e5b3000 	C:\Program Files\Microsoft\jdk-11.0.20.8-hotspot\bin\nio.dll
0x00007ffd357c0000 - 0x00007ffd357e7000 	C:\Users\lutri\.gradle\native\68d5fa5c4cc2d200863cafc0d521ce42e7d3e7ee720ec0a83991735586a16f82\windows-amd64\native-platform.dll
0x00007ffd141e0000 - 0x00007ffd14324000 	C:\Users\lutri\.gradle\native\e376f236ea51e6404a007f0833ffe2c6e607c4080706a723a18a27aeea778392\windows-amd64\native-platform-file-events.dll
0x00007ffd21270000 - 0x00007ffd21279000 	C:\Program Files\Microsoft\jdk-11.0.20.8-hotspot\bin\management.dll
0x00007ffd21190000 - 0x00007ffd2119b000 	C:\Program Files\Microsoft\jdk-11.0.20.8-hotspot\bin\management_ext.dll
0x00007ffd70a70000 - 0x00007ffd70a8b000 	C:\WINDOWS\SYSTEM32\CRYPTSP.dll
0x00007ffd70250000 - 0x00007ffd70285000 	C:\WINDOWS\system32\rsaenh.dll
0x00007ffd70910000 - 0x00007ffd7093c000 	C:\WINDOWS\SYSTEM32\USERENV.dll
0x00007ffd70c10000 - 0x00007ffd70c38000 	C:\WINDOWS\SYSTEM32\bcrypt.dll
0x00007ffd70a90000 - 0x00007ffd70a9c000 	C:\WINDOWS\SYSTEM32\CRYPTBASE.dll
0x00007ffd6fca0000 - 0x00007ffd6fccd000 	C:\WINDOWS\SYSTEM32\IPHLPAPI.DLL
0x00007ffd72a30000 - 0x00007ffd72a39000 	C:\WINDOWS\System32\NSI.dll
0x00007ffd65d30000 - 0x00007ffd65d49000 	C:\WINDOWS\SYSTEM32\dhcpcsvc6.DLL
0x00007ffd65d10000 - 0x00007ffd65d2f000 	C:\WINDOWS\SYSTEM32\dhcpcsvc.DLL
0x00007ffd6fcd0000 - 0x00007ffd6fdc9000 	C:\WINDOWS\SYSTEM32\DNSAPI.dll

dbghelp: loaded successfully - version: 4.0.5 - missing functions: none
symbol engine: initialized successfully - sym options: 0x614 - pdb path: .;C:\Program Files\Microsoft\jdk-11.0.20.8-hotspot\bin;C:\WINDOWS\SYSTEM32;C:\WINDOWS\WinSxS\amd64_microsoft.windows.common-controls_6595b64144ccf1df_6.0.22621.2361_none_2712ced57382f843;C:\Program Files\Microsoft\jdk-11.0.20.8-hotspot\bin\server;C:\Users\lutri\.gradle\native\68d5fa5c4cc2d200863cafc0d521ce42e7d3e7ee720ec0a83991735586a16f82\windows-amd64;C:\Users\lutri\.gradle\native\e376f236ea51e6404a007f0833ffe2c6e607c4080706a723a18a27aeea778392\windows-amd64

VM Arguments:
jvm_args: -XX:MaxMetaspaceSize=512m --add-opens=java.base/java.util=ALL-UNNAMED --add-opens=java.base/java.lang=ALL-UNNAMED --add-opens=java.base/java.lang.invoke=ALL-UNNAMED --add-opens=java.prefs/java.util.prefs=ALL-UNNAMED --add-opens=java.base/java.nio.charset=ALL-UNNAMED --add-opens=java.base/java.net=ALL-UNNAMED --add-opens=java.base/java.util.concurrent.atomic=ALL-UNNAMED -Xmx2048m -Dfile.encoding=windows-1252 -Duser.country=CA -Duser.language=en -Duser.variant 
java_command: org.gradle.launcher.daemon.bootstrap.GradleDaemon 8.0.1
java_class_path (initial): C:\Users\lutri\.gradle\wrapper\dists\gradle-8.0.1-all\aro4hu1c3oeioove7l0i4i14o\gradle-8.0.1\lib\gradle-launcher-8.0.1.jar
Launcher Type: SUN_STANDARD

[Global flags]
     intx CICompilerCount                          = 4                                         {product} {ergonomic}
   size_t CompressedClassSpaceSize                 = 528482304                                 {product} {ergonomic}
     uint ConcGCThreads                            = 2                                         {product} {ergonomic}
     uint G1ConcRefinementThreads                  = 8                                         {product} {ergonomic}
   size_t G1HeapRegionSize                         = 1048576                                   {product} {ergonomic}
    uintx GCDrainStackTargetSize                   = 64                                        {product} {ergonomic}
   size_t InitialHeapSize                          = 132120576                                 {product} {ergonomic}
   size_t MarkStackSize                            = 4194304                                   {product} {ergonomic}
   size_t MaxHeapSize                              = 2147483648                                {product} {command line}
   size_t MaxMetaspaceSize                         = 536870912                                 {product} {command line}
   size_t MaxNewSize                               = 1287651328                                {product} {ergonomic}
   size_t MinHeapDeltaBytes                        = 1048576                                   {product} {ergonomic}
    uintx NonNMethodCodeHeapSize                   = 5836300                                {pd product} {ergonomic}
    uintx NonProfiledCodeHeapSize                  = 122910970                              {pd product} {ergonomic}
    uintx ProfiledCodeHeapSize                     = 122910970                              {pd product} {ergonomic}
    uintx ReservedCodeCacheSize                    = 251658240                              {pd product} {ergonomic}
     bool SegmentedCodeCache                       = true                                      {product} {ergonomic}
     bool UseCompressedClassPointers               = true                                 {lp64_product} {ergonomic}
     bool UseCompressedOops                        = true                                 {lp64_product} {ergonomic}
     bool UseG1GC                                  = true                                      {product} {ergonomic}
     bool UseLargePagesIndividualAllocation        = false                                  {pd product} {ergonomic}

Logging:
Log output configuration:
 #0: stdout all=warning uptime,level,tags
 #1: stderr all=off uptime,level,tags

Environment Variables:
CLASSPATH=C:\Users\lutri\Desktop\Assignment\SWD3\Mobile\BlueJay\android\\gradle\wrapper\gradle-wrapper.jar
PATH=C:\Users\lutri\Desktop\Assignment\SWD3\Mobile\BlueJay\node_modules\.bin;C:\Users\lutri\Desktop\Assignment\SWD3\Mobile\BlueJay\node_modules\.bin;C:\Users\lutri\Desktop\Assignment\SWD3\Mobile\node_modules\.bin;C:\Users\lutri\Desktop\Assignment\SWD3\node_modules\.bin;C:\Users\lutri\Desktop\Assignment\node_modules\.bin;C:\Users\lutri\Desktop\node_modules\.bin;C:\Users\lutri\node_modules\.bin;C:\Users\node_modules\.bin;C:\node_modules\.bin;C:\Program Files\nodejs\node_modules\npm\node_modules\@npmcli\run-script\lib\node-gyp-bin;C:\Users\lutri\Desktop\Assignment\SWD3\Mobile\BlueJay\node_modules\.bin;C:\Users\lutri\Desktop\Assignment\SWD3\Mobile\node_modules\.bin;C:\Users\lutri\Desktop\Assignment\SWD3\node_modules\.bin;C:\Users\lutri\Desktop\Assignment\node_modules\.bin;C:\Users\lutri\Desktop\node_modules\.bin;C:\Users\lutri\node_modules\.bin;C:\Users\node_modules\.bin;C:\node_modules\.bin;C:\Program Files\nodejs\node_modules\npm\node_modules\@npmcli\run-script\lib\node-gyp-bin;C:\Program Files\Microsoft\jdk-11.0.20.8-hotspot\bin;C:\Python311\Scripts\;C:\Python311\;C:\app\lutri\product\21c\dbhomeXE\bin;C:\Program Files (x86)\VMware\VMware Workstation\bin\;C:\WINDOWS\system32;C:\WINDOWS;C:\WINDOWS\System32\Wbem;C:\WINDOWS\System32\WindowsPowerShell\v1.0\;C:\WINDOWS\System32\OpenSSH\;C:\Program Files\Git\cmd;C:\Program Files\Microsoft SQL Server\150\Tools\Binn\;C:\Program Files\Microsoft SQL Server\Client SDK\ODBC\170\Tools\Binn\;C:\Program Files\dotnet\;C:\ProgramData\chocolatey\bin;C:\Program Files\nodejs\;C:\Program Files\Git LFS;C:\Gradle\gradle-8.4\bin;C:\Users\lutri\AppData\Local\Android\Sdk\platform-tools;C:\Users\lutri\AppData\Local\Android\Sdk\platforms;C:\Program Files\MySQL\MySQL Shell 8.0\bin\;C:\Users\lutri\AppData\Local\Microsoft\WindowsApps;C:\Users\lutri\AppData\Local\Programs\Microsoft VS Code\bin;C:\Users\lutri\.dotnet\tools;C:\Users\lutri\AppData\Local\GitHubDesktop\bin;C:\Users\lutri\AppData\Roaming\npm;C:\Users\lutri\AppData\Local\Android\Sdk\platform-
USERNAME=lutri
LANG=en_US.UTF-8
OS=Windows_NT
PROCESSOR_IDENTIFIER=Intel64 Family 6 Model 142 Stepping 12, GenuineIntel
TMP=C:\Users\lutri\AppData\Local\Temp
TEMP=C:\Users\lutri\AppData\Local\Temp



---------------  S Y S T E M  ---------------

OS: Windows 11 , 64 bit Build 22621 (10.0.22621.2428)
OS uptime: 0 days 0:09 hours
Hyper-V role detected

CPU:total 8 (initial active 8) (4 cores per cpu, 2 threads per core) family 6 model 142 stepping 12 microcode 0xde, cmov, cx8, fxsr, mmx, sse, sse2, sse3, ssse3, sse4.1, sse4.2, popcnt, avx, avx2, aes, clmul, erms, 3dnowpref, lzcnt, ht, tsc, tscinvbit, bmi1, bmi2, adx, fma

Memory: 4k page, system-wide physical 7969M (10M free)
TotalPageFile size 32545M (AvailPageFile size 0M)
current process WorkingSet (physical memory assigned to process): 69M, peak: 271M
current process commit charge ("private bytes"): 390M, peak: 408M

vm_info: OpenJDK 64-Bit Server VM (11.0.20+8-LTS) for windows-amd64 JRE (11.0.20+8-LTS), built on Jul  7 2023 17:05:21 by "MicrosoftCorporation" with MS VC++ 15.9 (VS2017)

END.
